<?xml version="1.0" encoding="UTF-8"?>
<robot generator="Robot 7.3.2 (Python 3.13.2 on win32)" generated="2025-08-27T17:28:29.564968" rpa="false" schemaversion="5">
<suite id="s1" name="Tests" source="C:\QA Auto Knowledge\Prezentare Dunamis\repos\QA-Automation-Tutorial\Tests">
<suite id="s1-s1" name="OnlineShopping" source="C:\QA Auto Knowledge\Prezentare Dunamis\repos\QA-Automation-Tutorial\Tests\OnlineShopping.robot">
<test id="s1-s1-t1" name="User Registration Test" line="12">
<kw name="Log" owner="BuiltIn">
<msg time="2025-08-27T17:28:30.238633" level="INFO">Starting TC01a</msg>
<arg>Starting TC01a</arg>
<doc>Logs the given message with the given level.</doc>
<status status="PASS" start="2025-08-27T17:28:30.238483" elapsed="0.000200"/>
</kw>
<kw name="Navigate To Login/Signup Page" owner="GeneralActions">
<kw name="Open the Home_URL" owner="LandingPage">
<kw name="Open Browser" owner="SeleniumLibrary">
<msg time="2025-08-27T17:28:30.239904" level="INFO">Opening browser 'chrome' to base url 'http://automationexercise.com'.</msg>
<arg>${landing_page_details}[home_url]</arg>
<arg>${landing_page_details}[browser_used]</arg>
<doc>Opens a new browser instance to the optional ``url``.</doc>
<status status="PASS" start="2025-08-27T17:28:30.239701" elapsed="5.192607"/>
</kw>
<kw name="Maximize Browser Window" owner="SeleniumLibrary">
<doc>Maximizes current browser window.</doc>
<status status="PASS" start="2025-08-27T17:28:35.432784" elapsed="0.008336"/>
</kw>
<doc>Open the browser and navigate to the URL</doc>
<status status="PASS" start="2025-08-27T17:28:30.239457" elapsed="5.201799"/>
</kw>
<kw name="Verify the Landing Page" owner="LandingPage">
<kw name="Consent to cookies and Dismiss Alarms" owner="Misc">
<kw name="Sleep" owner="BuiltIn">
<msg time="2025-08-27T17:28:37.443381" level="INFO">Slept 2 seconds.</msg>
<arg>2</arg>
<doc>Pauses the test executed for the given time.</doc>
<status status="PASS" start="2025-08-27T17:28:35.442491" elapsed="2.001072"/>
</kw>
<kw name="Check Web Server Error" owner="Misc">
<kw name="Run Keyword And Return Status" owner="BuiltIn">
<kw name="Page Should Contain" owner="SeleniumLibrary">
<msg time="2025-08-27T17:28:37.447153" level="FAIL">Variable '${web_server_error_txt}' not found.</msg>
<arg>${web_server_error_txt}</arg>
<doc>Verifies that current page contains ``text``.</doc>
<status status="FAIL" start="2025-08-27T17:28:37.444927" elapsed="0.002382">Variable '${web_server_error_txt}' not found.</status>
</kw>
<msg time="2025-08-27T17:28:37.447626" level="INFO">${web_server_error_txt} = False</msg>
<var>${web_server_error_txt}</var>
<arg>page should contain</arg>
<arg>${web_server_error_txt}</arg>
<doc>Runs the given keyword with given arguments and returns the status as a Boolean value.</doc>
<status status="PASS" start="2025-08-27T17:28:37.444570" elapsed="0.003126"/>
</kw>
<if>
<branch type="IF" condition="${web_server_error_txt}">
<kw name="Log" owner="BuiltIn">
<arg>reloading page</arg>
<doc>Logs the given message with the given level.</doc>
<status status="NOT RUN" start="2025-08-27T17:28:37.448440" elapsed="0.000071"/>
</kw>
<kw name="Reload Page" owner="SeleniumLibrary">
<doc>Simulates user reloading page.</doc>
<status status="NOT RUN" start="2025-08-27T17:28:37.448784" elapsed="0.000065"/>
</kw>
<status status="NOT RUN" start="2025-08-27T17:28:37.447956" elapsed="0.000977"/>
</branch>
<status status="PASS" start="2025-08-27T17:28:37.447882" elapsed="0.001235"/>
</if>
<status status="PASS" start="2025-08-27T17:28:37.444019" elapsed="0.005244"/>
</kw>
<kw name="Consent to cookies" owner="Misc">
<kw name="Run Keyword And Return Status" owner="BuiltIn">
<kw name="Element Should Be Visible" owner="SeleniumLibrary">
<msg time="2025-08-27T17:28:37.562146" level="INFO">Element 'class=fc-cta-consent' is displayed.</msg>
<arg>${misc_details}[consent_btn]</arg>
<doc>Verifies that the element identified by ``locator`` is visible.</doc>
<status status="PASS" start="2025-08-27T17:28:37.450747" elapsed="0.111511"/>
</kw>
<msg time="2025-08-27T17:28:37.562402" level="INFO">${cookies_window} = True</msg>
<var>${cookies_window}</var>
<arg>element should be visible</arg>
<arg>${misc_details}[consent_btn]</arg>
<doc>Runs the given keyword with given arguments and returns the status as a Boolean value.</doc>
<status status="PASS" start="2025-08-27T17:28:37.450369" elapsed="0.112062"/>
</kw>
<if>
<branch type="IF" condition="${cookies_window}">
<kw name="Log" owner="BuiltIn">
<msg time="2025-08-27T17:28:37.562829" level="INFO">Cookies are visible</msg>
<arg>Cookies are visible</arg>
<doc>Logs the given message with the given level.</doc>
<status status="PASS" start="2025-08-27T17:28:37.562728" elapsed="0.000172"/>
</kw>
<kw name="Click Button" owner="SeleniumLibrary">
<msg time="2025-08-27T17:28:37.563527" level="INFO">Clicking button 'class=fc-cta-consent'.</msg>
<arg>${misc_details}[consent_btn]</arg>
<doc>Clicks the button identified by ``locator``.</doc>
<status status="PASS" start="2025-08-27T17:28:37.563154" elapsed="0.115102"/>
</kw>
<status status="PASS" start="2025-08-27T17:28:37.562550" elapsed="0.115800"/>
</branch>
<branch type="ELSE">
<kw name="Log" owner="BuiltIn">
<arg>Cookies not visible</arg>
<doc>Logs the given message with the given level.</doc>
<status status="NOT RUN" start="2025-08-27T17:28:37.678621" elapsed="0.000032"/>
</kw>
<status status="NOT RUN" start="2025-08-27T17:28:37.678410" elapsed="0.000278"/>
</branch>
<status status="PASS" start="2025-08-27T17:28:37.562518" elapsed="0.116212"/>
</if>
<doc>Click on consent button for cookies</doc>
<status status="PASS" start="2025-08-27T17:28:37.449713" elapsed="0.229071"/>
</kw>
<kw name="Dismiss Alarms" owner="Misc">
<kw name="Run Keyword And Return Status" owner="BuiltIn">
<kw name="Handle Alert" owner="SeleniumLibrary">
<msg time="2025-08-27T17:28:37.679478" level="INFO">HANDLE::&lt;class 'datetime.timedelta'&gt;::0:00:03</msg>
<msg time="2025-08-27T17:28:41.058809" level="INFO" html="true">&lt;/td&gt;&lt;/tr&gt;&lt;tr&gt;&lt;td colspan="3"&gt;&lt;a href="selenium-screenshot-1.png"&gt;&lt;img src="selenium-screenshot-1.png" width="800px"&gt;&lt;/a&gt;</msg>
<msg time="2025-08-27T17:28:41.058951" level="FAIL">Alert not found in 3 seconds.</msg>
<arg>LEAVE</arg>
<arg>3</arg>
<doc>Handles the current alert and returns its message.</doc>
<status status="FAIL" start="2025-08-27T17:28:37.679323" elapsed="3.430065">Alert not found in 3 seconds.</status>
</kw>
<msg time="2025-08-27T17:28:41.109539" level="INFO">${alert_window} = False</msg>
<var>${alert_window}</var>
<arg>handle alert</arg>
<arg>LEAVE</arg>
<arg>3</arg>
<doc>Runs the given keyword with given arguments and returns the status as a Boolean value.</doc>
<status status="PASS" start="2025-08-27T17:28:37.679203" elapsed="3.430371"/>
</kw>
<if>
<branch type="IF" condition="${alert_window}">
<kw name="Log" owner="BuiltIn">
<arg>Alert window present</arg>
<doc>Logs the given message with the given level.</doc>
<status status="NOT RUN" start="2025-08-27T17:28:41.109814" elapsed="0.000031"/>
</kw>
<kw name="Handle Alert" owner="SeleniumLibrary">
<arg>DISMISS</arg>
<doc>Handles the current alert and returns its message.</doc>
<status status="NOT RUN" start="2025-08-27T17:28:41.109929" elapsed="0.000019"/>
</kw>
<status status="NOT RUN" start="2025-08-27T17:28:41.109665" elapsed="0.000312"/>
</branch>
<branch type="ELSE">
<kw name="Log" owner="BuiltIn">
<msg time="2025-08-27T17:28:41.110187" level="INFO">Alert window not present</msg>
<arg>Alert window not present</arg>
<doc>Logs the given message with the given level.</doc>
<status status="PASS" start="2025-08-27T17:28:41.110080" elapsed="0.000144"/>
</kw>
<status status="PASS" start="2025-08-27T17:28:41.110009" elapsed="0.000245"/>
</branch>
<status status="PASS" start="2025-08-27T17:28:41.109641" elapsed="0.000645"/>
</if>
<doc>Dismiss Alarm popups</doc>
<status status="PASS" start="2025-08-27T17:28:37.678967" elapsed="3.431363"/>
</kw>
<kw name="Dismiss iFrame Ads" owner="Misc">
<kw name="Get WebElements" owner="SeleniumLibrary">
<msg time="2025-08-27T17:28:41.122948" level="INFO">${iframes1} = [&lt;selenium.webdriver.remote.webelement.WebElement (session="fda89b14796e4aa196facafe9d9b9c38", element="f.C0F024973717B3DC3AC5FCE56D515922.d.8BF670A3E64F072F73BD102099F60657.e.365")&gt;, &lt;selenium.webdri...</msg>
<var>${iframes1}</var>
<arg>${misc_details}[ad_iframe]</arg>
<doc>Returns a list of WebElement objects matching the ``locator``.</doc>
<status status="PASS" start="2025-08-27T17:28:41.110776" elapsed="0.012222"/>
</kw>
<for flavor="IN">
<iter>
<kw name="Unselect Frame" owner="SeleniumLibrary">
<doc>Sets the main frame as the current frame.</doc>
<status status="PASS" start="2025-08-27T17:28:41.123419" elapsed="0.002677"/>
</kw>
<kw name="Log" owner="BuiltIn">
<msg time="2025-08-27T17:28:41.126374" level="INFO">iframe level1 detected: &lt;selenium.webdriver.remote.webelement.WebElement (session="fda89b14796e4aa196facafe9d9b9c38", element="f.C0F024973717B3DC3AC5FCE56D515922.d.8BF670A3E64F072F73BD102099F60657.e.365")&gt;</msg>
<arg>iframe level1 detected: ${iframe1}</arg>
<doc>Logs the given message with the given level.</doc>
<status status="PASS" start="2025-08-27T17:28:41.126240" elapsed="0.000182"/>
</kw>
<kw name="Run Keyword And Return Status" owner="BuiltIn">
<kw name="Select Frame" owner="SeleniumLibrary">
<msg time="2025-08-27T17:28:41.126955" level="INFO">Selecting frame '&lt;selenium.webdriver.remote.webelement.WebElement (session="fda89b14796e4aa196facafe9d9b9c38", element="f.C0F024973717B3DC3AC5FCE56D515922.d.8BF670A3E64F072F73BD102099F60657.e.365")&gt;'.</msg>
<arg>${iframe1}</arg>
<doc>Sets frame identified by ``locator`` as the current frame.</doc>
<status status="PASS" start="2025-08-27T17:28:41.126761" elapsed="0.017506"/>
</kw>
<msg time="2025-08-27T17:28:41.144403" level="INFO">${selecting_frame1} = True</msg>
<var>${selecting_frame1}</var>
<arg>select frame</arg>
<arg>${iframe1}</arg>
<doc>Runs the given keyword with given arguments and returns the status as a Boolean value.</doc>
<status status="PASS" start="2025-08-27T17:28:41.126591" elapsed="0.017839"/>
</kw>
<kw name="Get WebElements" owner="SeleniumLibrary">
<msg time="2025-08-27T17:28:41.153382" level="INFO">${iframes2} = []</msg>
<var>${iframes2}</var>
<arg>${misc_details}[ad_iframe]</arg>
<doc>Returns a list of WebElement objects matching the ``locator``.</doc>
<status status="PASS" start="2025-08-27T17:28:41.144571" elapsed="0.008849"/>
</kw>
<for flavor="IN">
<iter>
<kw name="Log" owner="BuiltIn">
<arg>iframe level2 detected: ${iframe2}</arg>
<doc>Logs the given message with the given level.</doc>
<status status="NOT RUN" start="2025-08-27T17:28:41.153800" elapsed="0.000026"/>
</kw>
<kw name="Run Keyword And Return Status" owner="BuiltIn">
<var>${selecting_frame2}</var>
<arg>select frame</arg>
<arg>${iframe2}</arg>
<doc>Runs the given keyword with given arguments and returns the status as a Boolean value.</doc>
<status status="NOT RUN" start="2025-08-27T17:28:41.153922" elapsed="0.000020"/>
</kw>
<kw name="Get WebElements" owner="SeleniumLibrary">
<var>${iframes3}</var>
<arg>${misc_details}[ad_iframe]</arg>
<doc>Returns a list of WebElement objects matching the ``locator``.</doc>
<status status="NOT RUN" start="2025-08-27T17:28:41.154027" elapsed="0.000019"/>
</kw>
<for flavor="IN">
<iter>
<kw name="Log" owner="BuiltIn">
<arg>iframe level3 detected: ${iframe3}</arg>
<doc>Logs the given message with the given level.</doc>
<status status="NOT RUN" start="2025-08-27T17:28:41.154218" elapsed="0.000021"/>
</kw>
<kw name="Run Keyword And Return Status" owner="BuiltIn">
<var>${selecting_frame3}</var>
<arg>select frame</arg>
<arg>${iframe3}</arg>
<doc>Runs the given keyword with given arguments and returns the status as a Boolean value.</doc>
<status status="NOT RUN" start="2025-08-27T17:28:41.154319" elapsed="0.000019"/>
</kw>
<kw name="Search for the Dismiss Button within the iFrame" owner="Misc">
<var>${button_found}</var>
<arg>level3</arg>
<doc>Helper Keyword for searching the dismiss button</doc>
<status status="NOT RUN" start="2025-08-27T17:28:41.154502" elapsed="0.000024"/>
</kw>
<kw name="Run Keyword And Return Status" owner="BuiltIn">
<var>${selecting_frame1}</var>
<arg>select frame</arg>
<arg>${iframe1}</arg>
<doc>Runs the given keyword with given arguments and returns the status as a Boolean value.</doc>
<status status="NOT RUN" start="2025-08-27T17:28:41.154611" elapsed="0.000020"/>
</kw>
<kw name="Run Keyword And Return Status" owner="BuiltIn">
<var>${selecting_frame2}</var>
<arg>select frame</arg>
<arg>${iframe2}</arg>
<doc>Runs the given keyword with given arguments and returns the status as a Boolean value.</doc>
<status status="NOT RUN" start="2025-08-27T17:28:41.154714" elapsed="0.000019"/>
</kw>
<var name="${iframe3}"/>
<status status="NOT RUN" start="2025-08-27T17:28:41.154151" elapsed="0.000613"/>
</iter>
<var>${iframe3}</var>
<value>@{iframes3}</value>
<status status="NOT RUN" start="2025-08-27T17:28:41.154087" elapsed="0.000728"/>
</for>
<kw name="Search for the Dismiss Button within the iFrame" owner="Misc">
<var>${button_found}</var>
<arg>level2</arg>
<doc>Helper Keyword for searching the dismiss button</doc>
<status status="NOT RUN" start="2025-08-27T17:28:41.154967" elapsed="0.000025"/>
</kw>
<kw name="Run Keyword And Return Status" owner="BuiltIn">
<var>${selecting_frame1}</var>
<arg>select frame</arg>
<arg>${iframe1}</arg>
<doc>Runs the given keyword with given arguments and returns the status as a Boolean value.</doc>
<status status="NOT RUN" start="2025-08-27T17:28:41.155079" elapsed="0.000018"/>
</kw>
<var name="${iframe2}"/>
<status status="NOT RUN" start="2025-08-27T17:28:41.153683" elapsed="0.001445"/>
</iter>
<var>${iframe2}</var>
<value>@{iframes2}</value>
<status status="NOT RUN" start="2025-08-27T17:28:41.153506" elapsed="0.001655"/>
</for>
<kw name="Run Keyword And Return Status" owner="BuiltIn">
<kw name="Search for the Dismiss Button within the iFrame" owner="Misc">
<kw name="Run Keyword And Return Status" owner="BuiltIn">
<kw name="Page Should Contain Button" owner="SeleniumLibrary">
<msg time="2025-08-27T17:28:41.368274" level="INFO" html="true">&lt;/td&gt;&lt;/tr&gt;&lt;tr&gt;&lt;td colspan="3"&gt;&lt;a href="selenium-screenshot-2.png"&gt;&lt;img src="selenium-screenshot-2.png" width="800px"&gt;&lt;/a&gt;</msg>
<msg time="2025-08-27T17:28:41.368529" level="FAIL">Page should have contained button 'xpath=//*[@id="dismiss-button"]' but did not.</msg>
<arg>${misc_details}[dismiss_button]</arg>
<doc>Verifies button ``locator`` is found from current page.</doc>
<status status="FAIL" start="2025-08-27T17:28:41.155738" elapsed="0.235597">Page should have contained button 'xpath=//*[@id="dismiss-button"]' but did not.</status>
</kw>
<msg time="2025-08-27T17:28:41.391472" level="INFO">${button_found} = False</msg>
<var>${button_found}</var>
<arg>page should contain button</arg>
<arg>${misc_details}[dismiss_button]</arg>
<doc>Runs the given keyword with given arguments and returns the status as a Boolean value.</doc>
<status status="PASS" start="2025-08-27T17:28:41.155625" elapsed="0.235871"/>
</kw>
<if>
<branch type="IF" condition="${button_found}">
<kw name="Run Keyword And Return Status" owner="BuiltIn">
<var>${element_clicked}</var>
<arg>Dismiss ads via Click element</arg>
<arg>${frame_level}</arg>
<doc>Runs the given keyword with given arguments and returns the status as a Boolean value.</doc>
<status status="NOT RUN" start="2025-08-27T17:28:41.391746" elapsed="0.000039"/>
</kw>
<status status="NOT RUN" start="2025-08-27T17:28:41.391588" elapsed="0.000240"/>
</branch>
<status status="PASS" start="2025-08-27T17:28:41.391566" elapsed="0.000293"/>
</if>
<kw name="Unselect Frame" owner="SeleniumLibrary">
<doc>Sets the main frame as the current frame.</doc>
<status status="PASS" start="2025-08-27T17:28:41.391939" elapsed="0.003468"/>
</kw>
<return>
<value>${button_found}</value>
<status status="PASS" start="2025-08-27T17:28:41.395483" elapsed="0.000051"/>
</return>
<arg>level1</arg>
<doc>Helper Keyword for searching the dismiss button</doc>
<status status="PASS" start="2025-08-27T17:28:41.155421" elapsed="0.240219"/>
</kw>
<msg time="2025-08-27T17:28:41.395837" level="INFO">${button_found} = True</msg>
<var>${button_found}</var>
<arg>Search for the Dismiss Button within the iFrame</arg>
<arg>level1</arg>
<doc>Runs the given keyword with given arguments and returns the status as a Boolean value.</doc>
<status status="PASS" start="2025-08-27T17:28:41.155251" elapsed="0.240610"/>
</kw>
<var name="${iframe1}">&lt;selenium.webdriver.remote.webelement.WebElement (session="fda89b14796e4aa196facafe9d9b9c38", element="f.C0F024973717B3DC3AC5FCE56D515922.d.8BF670A3E64F072F73BD102099F60657.e.365")&gt;</var>
<status status="PASS" start="2025-08-27T17:28:41.123306" elapsed="0.272596"/>
</iter>
<iter>
<kw name="Unselect Frame" owner="SeleniumLibrary">
<doc>Sets the main frame as the current frame.</doc>
<status status="PASS" start="2025-08-27T17:28:41.396153" elapsed="0.003336"/>
</kw>
<kw name="Log" owner="BuiltIn">
<msg time="2025-08-27T17:28:41.399771" level="INFO">iframe level1 detected: &lt;selenium.webdriver.remote.webelement.WebElement (session="fda89b14796e4aa196facafe9d9b9c38", element="f.C0F024973717B3DC3AC5FCE56D515922.d.8BF670A3E64F072F73BD102099F60657.e.355")&gt;</msg>
<arg>iframe level1 detected: ${iframe1}</arg>
<doc>Logs the given message with the given level.</doc>
<status status="PASS" start="2025-08-27T17:28:41.399635" elapsed="0.000171"/>
</kw>
<kw name="Run Keyword And Return Status" owner="BuiltIn">
<kw name="Select Frame" owner="SeleniumLibrary">
<msg time="2025-08-27T17:28:41.400150" level="INFO">Selecting frame '&lt;selenium.webdriver.remote.webelement.WebElement (session="fda89b14796e4aa196facafe9d9b9c38", element="f.C0F024973717B3DC3AC5FCE56D515922.d.8BF670A3E64F072F73BD102099F60657.e.355")&gt;'.</msg>
<arg>${iframe1}</arg>
<doc>Sets frame identified by ``locator`` as the current frame.</doc>
<status status="PASS" start="2025-08-27T17:28:41.400016" elapsed="0.014456"/>
</kw>
<msg time="2025-08-27T17:28:41.414612" level="INFO">${selecting_frame1} = True</msg>
<var>${selecting_frame1}</var>
<arg>select frame</arg>
<arg>${iframe1}</arg>
<doc>Runs the given keyword with given arguments and returns the status as a Boolean value.</doc>
<status status="PASS" start="2025-08-27T17:28:41.399911" elapsed="0.014727"/>
</kw>
<kw name="Get WebElements" owner="SeleniumLibrary">
<msg time="2025-08-27T17:28:41.420488" level="INFO">${iframes2} = []</msg>
<var>${iframes2}</var>
<arg>${misc_details}[ad_iframe]</arg>
<doc>Returns a list of WebElement objects matching the ``locator``.</doc>
<status status="PASS" start="2025-08-27T17:28:41.414781" elapsed="0.005748"/>
</kw>
<for flavor="IN">
<iter>
<kw name="Log" owner="BuiltIn">
<arg>iframe level2 detected: ${iframe2}</arg>
<doc>Logs the given message with the given level.</doc>
<status status="NOT RUN" start="2025-08-27T17:28:41.420910" elapsed="0.000029"/>
</kw>
<kw name="Run Keyword And Return Status" owner="BuiltIn">
<var>${selecting_frame2}</var>
<arg>select frame</arg>
<arg>${iframe2}</arg>
<doc>Runs the given keyword with given arguments and returns the status as a Boolean value.</doc>
<status status="NOT RUN" start="2025-08-27T17:28:41.421037" elapsed="0.000021"/>
</kw>
<kw name="Get WebElements" owner="SeleniumLibrary">
<var>${iframes3}</var>
<arg>${misc_details}[ad_iframe]</arg>
<doc>Returns a list of WebElement objects matching the ``locator``.</doc>
<status status="NOT RUN" start="2025-08-27T17:28:41.421160" elapsed="0.000020"/>
</kw>
<for flavor="IN">
<iter>
<kw name="Log" owner="BuiltIn">
<arg>iframe level3 detected: ${iframe3}</arg>
<doc>Logs the given message with the given level.</doc>
<status status="NOT RUN" start="2025-08-27T17:28:41.421369" elapsed="0.000021"/>
</kw>
<kw name="Run Keyword And Return Status" owner="BuiltIn">
<var>${selecting_frame3}</var>
<arg>select frame</arg>
<arg>${iframe3}</arg>
<doc>Runs the given keyword with given arguments and returns the status as a Boolean value.</doc>
<status status="NOT RUN" start="2025-08-27T17:28:41.421480" elapsed="0.000019"/>
</kw>
<kw name="Search for the Dismiss Button within the iFrame" owner="Misc">
<var>${button_found}</var>
<arg>level3</arg>
<doc>Helper Keyword for searching the dismiss button</doc>
<status status="NOT RUN" start="2025-08-27T17:28:41.421660" elapsed="0.000026"/>
</kw>
<kw name="Run Keyword And Return Status" owner="BuiltIn">
<var>${selecting_frame1}</var>
<arg>select frame</arg>
<arg>${iframe1}</arg>
<doc>Runs the given keyword with given arguments and returns the status as a Boolean value.</doc>
<status status="NOT RUN" start="2025-08-27T17:28:41.421787" elapsed="0.000022"/>
</kw>
<kw name="Run Keyword And Return Status" owner="BuiltIn">
<var>${selecting_frame2}</var>
<arg>select frame</arg>
<arg>${iframe2}</arg>
<doc>Runs the given keyword with given arguments and returns the status as a Boolean value.</doc>
<status status="NOT RUN" start="2025-08-27T17:28:41.421900" elapsed="0.000019"/>
</kw>
<var name="${iframe3}"/>
<status status="NOT RUN" start="2025-08-27T17:28:41.421299" elapsed="0.000651"/>
</iter>
<var>${iframe3}</var>
<value>@{iframes3}</value>
<status status="NOT RUN" start="2025-08-27T17:28:41.421231" elapsed="0.000753"/>
</for>
<kw name="Search for the Dismiss Button within the iFrame" owner="Misc">
<var>${button_found}</var>
<arg>level2</arg>
<doc>Helper Keyword for searching the dismiss button</doc>
<status status="NOT RUN" start="2025-08-27T17:28:41.422141" elapsed="0.000025"/>
</kw>
<kw name="Run Keyword And Return Status" owner="BuiltIn">
<var>${selecting_frame1}</var>
<arg>select frame</arg>
<arg>${iframe1}</arg>
<doc>Runs the given keyword with given arguments and returns the status as a Boolean value.</doc>
<status status="NOT RUN" start="2025-08-27T17:28:41.422248" elapsed="0.000020"/>
</kw>
<var name="${iframe2}"/>
<status status="NOT RUN" start="2025-08-27T17:28:41.420784" elapsed="0.001515"/>
</iter>
<var>${iframe2}</var>
<value>@{iframes2}</value>
<status status="NOT RUN" start="2025-08-27T17:28:41.420612" elapsed="0.001721"/>
</for>
<kw name="Run Keyword And Return Status" owner="BuiltIn">
<kw name="Search for the Dismiss Button within the iFrame" owner="Misc">
<kw name="Run Keyword And Return Status" owner="BuiltIn">
<kw name="Page Should Contain Button" owner="SeleniumLibrary">
<msg time="2025-08-27T17:28:41.646466" level="INFO" html="true">&lt;/td&gt;&lt;/tr&gt;&lt;tr&gt;&lt;td colspan="3"&gt;&lt;a href="selenium-screenshot-3.png"&gt;&lt;img src="selenium-screenshot-3.png" width="800px"&gt;&lt;/a&gt;</msg>
<msg time="2025-08-27T17:28:41.646631" level="FAIL">Page should have contained button 'xpath=//*[@id="dismiss-button"]' but did not.</msg>
<arg>${misc_details}[dismiss_button]</arg>
<doc>Verifies button ``locator`` is found from current page.</doc>
<status status="FAIL" start="2025-08-27T17:28:41.422974" elapsed="0.224393">Page should have contained button 'xpath=//*[@id="dismiss-button"]' but did not.</status>
</kw>
<msg time="2025-08-27T17:28:41.647488" level="INFO">${button_found} = False</msg>
<var>${button_found}</var>
<arg>page should contain button</arg>
<arg>${misc_details}[dismiss_button]</arg>
<doc>Runs the given keyword with given arguments and returns the status as a Boolean value.</doc>
<status status="PASS" start="2025-08-27T17:28:41.422848" elapsed="0.224664"/>
</kw>
<if>
<branch type="IF" condition="${button_found}">
<kw name="Run Keyword And Return Status" owner="BuiltIn">
<var>${element_clicked}</var>
<arg>Dismiss ads via Click element</arg>
<arg>${frame_level}</arg>
<doc>Runs the given keyword with given arguments and returns the status as a Boolean value.</doc>
<status status="NOT RUN" start="2025-08-27T17:28:41.647785" elapsed="0.000027"/>
</kw>
<status status="NOT RUN" start="2025-08-27T17:28:41.647610" elapsed="0.000250"/>
</branch>
<status status="PASS" start="2025-08-27T17:28:41.647586" elapsed="0.000307"/>
</if>
<kw name="Unselect Frame" owner="SeleniumLibrary">
<doc>Sets the main frame as the current frame.</doc>
<status status="PASS" start="2025-08-27T17:28:41.647990" elapsed="0.003131"/>
</kw>
<return>
<value>${button_found}</value>
<status status="PASS" start="2025-08-27T17:28:41.651288" elapsed="0.000052"/>
</return>
<arg>level1</arg>
<doc>Helper Keyword for searching the dismiss button</doc>
<status status="PASS" start="2025-08-27T17:28:41.422601" elapsed="0.228893"/>
</kw>
<msg time="2025-08-27T17:28:41.651574" level="INFO">${button_found} = True</msg>
<var>${button_found}</var>
<arg>Search for the Dismiss Button within the iFrame</arg>
<arg>level1</arg>
<doc>Runs the given keyword with given arguments and returns the status as a Boolean value.</doc>
<status status="PASS" start="2025-08-27T17:28:41.422424" elapsed="0.229173"/>
</kw>
<var name="${iframe1}">&lt;selenium.webdriver.remote.webelement.WebElement (session="fda89b14796e4aa196facafe9d9b9c38", element="f.C0F024973717B3DC3AC5FCE56D515922.d.8BF670A3E64F072F73BD102099F60657.e.355")&gt;</var>
<status status="PASS" start="2025-08-27T17:28:41.396051" elapsed="0.255593"/>
</iter>
<iter>
<kw name="Unselect Frame" owner="SeleniumLibrary">
<doc>Sets the main frame as the current frame.</doc>
<status status="PASS" start="2025-08-27T17:28:41.652060" elapsed="0.003838"/>
</kw>
<kw name="Log" owner="BuiltIn">
<msg time="2025-08-27T17:28:41.656353" level="INFO">iframe level1 detected: &lt;selenium.webdriver.remote.webelement.WebElement (session="fda89b14796e4aa196facafe9d9b9c38", element="f.C0F024973717B3DC3AC5FCE56D515922.d.8BF670A3E64F072F73BD102099F60657.e.366")&gt;</msg>
<arg>iframe level1 detected: ${iframe1}</arg>
<doc>Logs the given message with the given level.</doc>
<status status="PASS" start="2025-08-27T17:28:41.656120" elapsed="0.000292"/>
</kw>
<kw name="Run Keyword And Return Status" owner="BuiltIn">
<kw name="Select Frame" owner="SeleniumLibrary">
<msg time="2025-08-27T17:28:41.656990" level="INFO">Selecting frame '&lt;selenium.webdriver.remote.webelement.WebElement (session="fda89b14796e4aa196facafe9d9b9c38", element="f.C0F024973717B3DC3AC5FCE56D515922.d.8BF670A3E64F072F73BD102099F60657.e.366")&gt;'.</msg>
<arg>${iframe1}</arg>
<doc>Sets frame identified by ``locator`` as the current frame.</doc>
<status status="PASS" start="2025-08-27T17:28:41.656805" elapsed="0.021202"/>
</kw>
<msg time="2025-08-27T17:28:41.678139" level="INFO">${selecting_frame1} = True</msg>
<var>${selecting_frame1}</var>
<arg>select frame</arg>
<arg>${iframe1}</arg>
<doc>Runs the given keyword with given arguments and returns the status as a Boolean value.</doc>
<status status="PASS" start="2025-08-27T17:28:41.656652" elapsed="0.021514"/>
</kw>
<kw name="Get WebElements" owner="SeleniumLibrary">
<msg time="2025-08-27T17:28:41.683779" level="INFO">${iframes2} = []</msg>
<var>${iframes2}</var>
<arg>${misc_details}[ad_iframe]</arg>
<doc>Returns a list of WebElement objects matching the ``locator``.</doc>
<status status="PASS" start="2025-08-27T17:28:41.678313" elapsed="0.005506"/>
</kw>
<for flavor="IN">
<iter>
<kw name="Log" owner="BuiltIn">
<arg>iframe level2 detected: ${iframe2}</arg>
<doc>Logs the given message with the given level.</doc>
<status status="NOT RUN" start="2025-08-27T17:28:41.684211" elapsed="0.000027"/>
</kw>
<kw name="Run Keyword And Return Status" owner="BuiltIn">
<var>${selecting_frame2}</var>
<arg>select frame</arg>
<arg>${iframe2}</arg>
<doc>Runs the given keyword with given arguments and returns the status as a Boolean value.</doc>
<status status="NOT RUN" start="2025-08-27T17:28:41.684335" elapsed="0.000022"/>
</kw>
<kw name="Get WebElements" owner="SeleniumLibrary">
<var>${iframes3}</var>
<arg>${misc_details}[ad_iframe]</arg>
<doc>Returns a list of WebElement objects matching the ``locator``.</doc>
<status status="NOT RUN" start="2025-08-27T17:28:41.684443" elapsed="0.000026"/>
</kw>
<for flavor="IN">
<iter>
<kw name="Log" owner="BuiltIn">
<arg>iframe level3 detected: ${iframe3}</arg>
<doc>Logs the given message with the given level.</doc>
<status status="NOT RUN" start="2025-08-27T17:28:41.684638" elapsed="0.000019"/>
</kw>
<kw name="Run Keyword And Return Status" owner="BuiltIn">
<var>${selecting_frame3}</var>
<arg>select frame</arg>
<arg>${iframe3}</arg>
<doc>Runs the given keyword with given arguments and returns the status as a Boolean value.</doc>
<status status="NOT RUN" start="2025-08-27T17:28:41.684737" elapsed="0.000018"/>
</kw>
<kw name="Search for the Dismiss Button within the iFrame" owner="Misc">
<var>${button_found}</var>
<arg>level3</arg>
<doc>Helper Keyword for searching the dismiss button</doc>
<status status="NOT RUN" start="2025-08-27T17:28:41.684929" elapsed="0.000031"/>
</kw>
<kw name="Run Keyword And Return Status" owner="BuiltIn">
<var>${selecting_frame1}</var>
<arg>select frame</arg>
<arg>${iframe1}</arg>
<doc>Runs the given keyword with given arguments and returns the status as a Boolean value.</doc>
<status status="NOT RUN" start="2025-08-27T17:28:41.685086" elapsed="0.000023"/>
</kw>
<kw name="Run Keyword And Return Status" owner="BuiltIn">
<var>${selecting_frame2}</var>
<arg>select frame</arg>
<arg>${iframe2}</arg>
<doc>Runs the given keyword with given arguments and returns the status as a Boolean value.</doc>
<status status="NOT RUN" start="2025-08-27T17:28:41.685226" elapsed="0.000031"/>
</kw>
<var name="${iframe3}"/>
<status status="NOT RUN" start="2025-08-27T17:28:41.684569" elapsed="0.000734"/>
</iter>
<var>${iframe3}</var>
<value>@{iframes3}</value>
<status status="NOT RUN" start="2025-08-27T17:28:41.684510" elapsed="0.000832"/>
</for>
<kw name="Search for the Dismiss Button within the iFrame" owner="Misc">
<var>${button_found}</var>
<arg>level2</arg>
<doc>Helper Keyword for searching the dismiss button</doc>
<status status="NOT RUN" start="2025-08-27T17:28:41.685522" elapsed="0.000026"/>
</kw>
<kw name="Run Keyword And Return Status" owner="BuiltIn">
<var>${selecting_frame1}</var>
<arg>select frame</arg>
<arg>${iframe1}</arg>
<doc>Runs the given keyword with given arguments and returns the status as a Boolean value.</doc>
<status status="NOT RUN" start="2025-08-27T17:28:41.685634" elapsed="0.000029"/>
</kw>
<var name="${iframe2}"/>
<status status="NOT RUN" start="2025-08-27T17:28:41.684089" elapsed="0.001606"/>
</iter>
<var>${iframe2}</var>
<value>@{iframes2}</value>
<status status="NOT RUN" start="2025-08-27T17:28:41.683916" elapsed="0.001833"/>
</for>
<kw name="Run Keyword And Return Status" owner="BuiltIn">
<kw name="Search for the Dismiss Button within the iFrame" owner="Misc">
<kw name="Run Keyword And Return Status" owner="BuiltIn">
<kw name="Page Should Contain Button" owner="SeleniumLibrary">
<msg time="2025-08-27T17:28:41.888699" level="INFO" html="true">&lt;/td&gt;&lt;/tr&gt;&lt;tr&gt;&lt;td colspan="3"&gt;&lt;a href="selenium-screenshot-4.png"&gt;&lt;img src="selenium-screenshot-4.png" width="800px"&gt;&lt;/a&gt;</msg>
<msg time="2025-08-27T17:28:41.888847" level="FAIL">Page should have contained button 'xpath=//*[@id="dismiss-button"]' but did not.</msg>
<arg>${misc_details}[dismiss_button]</arg>
<doc>Verifies button ``locator`` is found from current page.</doc>
<status status="FAIL" start="2025-08-27T17:28:41.686490" elapsed="0.203171">Page should have contained button 'xpath=//*[@id="dismiss-button"]' but did not.</status>
</kw>
<msg time="2025-08-27T17:28:41.889800" level="INFO">${button_found} = False</msg>
<var>${button_found}</var>
<arg>page should contain button</arg>
<arg>${misc_details}[dismiss_button]</arg>
<doc>Runs the given keyword with given arguments and returns the status as a Boolean value.</doc>
<status status="PASS" start="2025-08-27T17:28:41.686352" elapsed="0.203474"/>
</kw>
<if>
<branch type="IF" condition="${button_found}">
<kw name="Run Keyword And Return Status" owner="BuiltIn">
<var>${element_clicked}</var>
<arg>Dismiss ads via Click element</arg>
<arg>${frame_level}</arg>
<doc>Runs the given keyword with given arguments and returns the status as a Boolean value.</doc>
<status status="NOT RUN" start="2025-08-27T17:28:41.890100" elapsed="0.000027"/>
</kw>
<status status="NOT RUN" start="2025-08-27T17:28:41.889913" elapsed="0.000252"/>
</branch>
<status status="PASS" start="2025-08-27T17:28:41.889890" elapsed="0.000401"/>
</if>
<kw name="Unselect Frame" owner="SeleniumLibrary">
<doc>Sets the main frame as the current frame.</doc>
<status status="PASS" start="2025-08-27T17:28:41.890404" elapsed="0.003425"/>
</kw>
<return>
<value>${button_found}</value>
<status status="PASS" start="2025-08-27T17:28:41.893964" elapsed="0.000067"/>
</return>
<arg>level1</arg>
<doc>Helper Keyword for searching the dismiss button</doc>
<status status="PASS" start="2025-08-27T17:28:41.686103" elapsed="0.208080"/>
</kw>
<msg time="2025-08-27T17:28:41.894280" level="INFO">${button_found} = True</msg>
<var>${button_found}</var>
<arg>Search for the Dismiss Button within the iFrame</arg>
<arg>level1</arg>
<doc>Runs the given keyword with given arguments and returns the status as a Boolean value.</doc>
<status status="PASS" start="2025-08-27T17:28:41.685844" elapsed="0.208460"/>
</kw>
<var name="${iframe1}">&lt;selenium.webdriver.remote.webelement.WebElement (session="fda89b14796e4aa196facafe9d9b9c38", element="f.C0F024973717B3DC3AC5FCE56D515922.d.8BF670A3E64F072F73BD102099F60657.e.366")&gt;</var>
<status status="PASS" start="2025-08-27T17:28:41.651876" elapsed="0.242481"/>
</iter>
<iter>
<kw name="Unselect Frame" owner="SeleniumLibrary">
<doc>Sets the main frame as the current frame.</doc>
<status status="PASS" start="2025-08-27T17:28:41.894623" elapsed="0.002951"/>
</kw>
<kw name="Log" owner="BuiltIn">
<msg time="2025-08-27T17:28:41.897936" level="INFO">iframe level1 detected: &lt;selenium.webdriver.remote.webelement.WebElement (session="fda89b14796e4aa196facafe9d9b9c38", element="f.C0F024973717B3DC3AC5FCE56D515922.d.8BF670A3E64F072F73BD102099F60657.e.367")&gt;</msg>
<arg>iframe level1 detected: ${iframe1}</arg>
<doc>Logs the given message with the given level.</doc>
<status status="PASS" start="2025-08-27T17:28:41.897745" elapsed="0.000233"/>
</kw>
<kw name="Run Keyword And Return Status" owner="BuiltIn">
<kw name="Select Frame" owner="SeleniumLibrary">
<msg time="2025-08-27T17:28:41.898386" level="INFO">Selecting frame '&lt;selenium.webdriver.remote.webelement.WebElement (session="fda89b14796e4aa196facafe9d9b9c38", element="f.C0F024973717B3DC3AC5FCE56D515922.d.8BF670A3E64F072F73BD102099F60657.e.367")&gt;'.</msg>
<arg>${iframe1}</arg>
<doc>Sets frame identified by ``locator`` as the current frame.</doc>
<status status="PASS" start="2025-08-27T17:28:41.898239" elapsed="0.021528"/>
</kw>
<msg time="2025-08-27T17:28:41.920110" level="INFO">${selecting_frame1} = True</msg>
<var>${selecting_frame1}</var>
<arg>select frame</arg>
<arg>${iframe1}</arg>
<doc>Runs the given keyword with given arguments and returns the status as a Boolean value.</doc>
<status status="PASS" start="2025-08-27T17:28:41.898091" elapsed="0.022049"/>
</kw>
<kw name="Get WebElements" owner="SeleniumLibrary">
<msg time="2025-08-27T17:28:41.928656" level="INFO">${iframes2} = []</msg>
<var>${iframes2}</var>
<arg>${misc_details}[ad_iframe]</arg>
<doc>Returns a list of WebElement objects matching the ``locator``.</doc>
<status status="PASS" start="2025-08-27T17:28:41.920285" elapsed="0.008409"/>
</kw>
<for flavor="IN">
<iter>
<kw name="Log" owner="BuiltIn">
<arg>iframe level2 detected: ${iframe2}</arg>
<doc>Logs the given message with the given level.</doc>
<status status="NOT RUN" start="2025-08-27T17:28:41.929045" elapsed="0.000032"/>
</kw>
<kw name="Run Keyword And Return Status" owner="BuiltIn">
<var>${selecting_frame2}</var>
<arg>select frame</arg>
<arg>${iframe2}</arg>
<doc>Runs the given keyword with given arguments and returns the status as a Boolean value.</doc>
<status status="NOT RUN" start="2025-08-27T17:28:41.929170" elapsed="0.000021"/>
</kw>
<kw name="Get WebElements" owner="SeleniumLibrary">
<var>${iframes3}</var>
<arg>${misc_details}[ad_iframe]</arg>
<doc>Returns a list of WebElement objects matching the ``locator``.</doc>
<status status="NOT RUN" start="2025-08-27T17:28:41.929274" elapsed="0.000019"/>
</kw>
<for flavor="IN">
<iter>
<kw name="Log" owner="BuiltIn">
<arg>iframe level3 detected: ${iframe3}</arg>
<doc>Logs the given message with the given level.</doc>
<status status="NOT RUN" start="2025-08-27T17:28:41.929463" elapsed="0.000019"/>
</kw>
<kw name="Run Keyword And Return Status" owner="BuiltIn">
<var>${selecting_frame3}</var>
<arg>select frame</arg>
<arg>${iframe3}</arg>
<doc>Runs the given keyword with given arguments and returns the status as a Boolean value.</doc>
<status status="NOT RUN" start="2025-08-27T17:28:41.929558" elapsed="0.000018"/>
</kw>
<kw name="Search for the Dismiss Button within the iFrame" owner="Misc">
<var>${button_found}</var>
<arg>level3</arg>
<doc>Helper Keyword for searching the dismiss button</doc>
<status status="NOT RUN" start="2025-08-27T17:28:41.929729" elapsed="0.000024"/>
</kw>
<kw name="Run Keyword And Return Status" owner="BuiltIn">
<var>${selecting_frame1}</var>
<arg>select frame</arg>
<arg>${iframe1}</arg>
<doc>Runs the given keyword with given arguments and returns the status as a Boolean value.</doc>
<status status="NOT RUN" start="2025-08-27T17:28:41.929831" elapsed="0.000017"/>
</kw>
<kw name="Run Keyword And Return Status" owner="BuiltIn">
<var>${selecting_frame2}</var>
<arg>select frame</arg>
<arg>${iframe2}</arg>
<doc>Runs the given keyword with given arguments and returns the status as a Boolean value.</doc>
<status status="NOT RUN" start="2025-08-27T17:28:41.929927" elapsed="0.000018"/>
</kw>
<var name="${iframe3}"/>
<status status="NOT RUN" start="2025-08-27T17:28:41.929399" elapsed="0.000574"/>
</iter>
<var>${iframe3}</var>
<value>@{iframes3}</value>
<status status="NOT RUN" start="2025-08-27T17:28:41.929331" elapsed="0.000683"/>
</for>
<kw name="Search for the Dismiss Button within the iFrame" owner="Misc">
<var>${button_found}</var>
<arg>level2</arg>
<doc>Helper Keyword for searching the dismiss button</doc>
<status status="NOT RUN" start="2025-08-27T17:28:41.930145" elapsed="0.000022"/>
</kw>
<kw name="Run Keyword And Return Status" owner="BuiltIn">
<var>${selecting_frame1}</var>
<arg>select frame</arg>
<arg>${iframe1}</arg>
<doc>Runs the given keyword with given arguments and returns the status as a Boolean value.</doc>
<status status="NOT RUN" start="2025-08-27T17:28:41.930270" elapsed="0.000021"/>
</kw>
<var name="${iframe2}"/>
<status status="NOT RUN" start="2025-08-27T17:28:41.928940" elapsed="0.001381"/>
</iter>
<var>${iframe2}</var>
<value>@{iframes2}</value>
<status status="NOT RUN" start="2025-08-27T17:28:41.928770" elapsed="0.001579"/>
</for>
<kw name="Run Keyword And Return Status" owner="BuiltIn">
<kw name="Search for the Dismiss Button within the iFrame" owner="Misc">
<kw name="Run Keyword And Return Status" owner="BuiltIn">
<kw name="Page Should Contain Button" owner="SeleniumLibrary">
<msg time="2025-08-27T17:28:42.146976" level="INFO" html="true">&lt;/td&gt;&lt;/tr&gt;&lt;tr&gt;&lt;td colspan="3"&gt;&lt;a href="selenium-screenshot-5.png"&gt;&lt;img src="selenium-screenshot-5.png" width="800px"&gt;&lt;/a&gt;</msg>
<msg time="2025-08-27T17:28:42.147139" level="FAIL">Page should have contained button 'xpath=//*[@id="dismiss-button"]' but did not.</msg>
<arg>${misc_details}[dismiss_button]</arg>
<doc>Verifies button ``locator`` is found from current page.</doc>
<status status="FAIL" start="2025-08-27T17:28:41.930901" elapsed="0.217023">Page should have contained button 'xpath=//*[@id="dismiss-button"]' but did not.</status>
</kw>
<msg time="2025-08-27T17:28:42.148042" level="INFO">${button_found} = False</msg>
<var>${button_found}</var>
<arg>page should contain button</arg>
<arg>${misc_details}[dismiss_button]</arg>
<doc>Runs the given keyword with given arguments and returns the status as a Boolean value.</doc>
<status status="PASS" start="2025-08-27T17:28:41.930797" elapsed="0.217267"/>
</kw>
<if>
<branch type="IF" condition="${button_found}">
<kw name="Run Keyword And Return Status" owner="BuiltIn">
<var>${element_clicked}</var>
<arg>Dismiss ads via Click element</arg>
<arg>${frame_level}</arg>
<doc>Runs the given keyword with given arguments and returns the status as a Boolean value.</doc>
<status status="NOT RUN" start="2025-08-27T17:28:42.148308" elapsed="0.000023"/>
</kw>
<status status="NOT RUN" start="2025-08-27T17:28:42.148158" elapsed="0.000248"/>
</branch>
<status status="PASS" start="2025-08-27T17:28:42.148128" elapsed="0.000317"/>
</if>
<kw name="Unselect Frame" owner="SeleniumLibrary">
<doc>Sets the main frame as the current frame.</doc>
<status status="PASS" start="2025-08-27T17:28:42.148537" elapsed="0.002852"/>
</kw>
<return>
<value>${button_found}</value>
<status status="PASS" start="2025-08-27T17:28:42.151469" elapsed="0.000057"/>
</return>
<arg>level1</arg>
<doc>Helper Keyword for searching the dismiss button</doc>
<status status="PASS" start="2025-08-27T17:28:41.930598" elapsed="0.221036"/>
</kw>
<msg time="2025-08-27T17:28:42.151730" level="INFO">${button_found} = True</msg>
<var>${button_found}</var>
<arg>Search for the Dismiss Button within the iFrame</arg>
<arg>level1</arg>
<doc>Runs the given keyword with given arguments and returns the status as a Boolean value.</doc>
<status status="PASS" start="2025-08-27T17:28:41.930427" elapsed="0.221327"/>
</kw>
<var name="${iframe1}">&lt;selenium.webdriver.remote.webelement.WebElement (session="fda89b14796e4aa196facafe9d9b9c38", element="f.C0F024973717B3DC3AC5FCE56D515922.d.8BF670A3E64F072F73BD102099F60657.e.367")&gt;</var>
<status status="PASS" start="2025-08-27T17:28:41.894516" elapsed="0.257297"/>
</iter>
<var>${iframe1}</var>
<value>@{iframes1}</value>
<status status="PASS" start="2025-08-27T17:28:41.123083" elapsed="1.028793"/>
</for>
<doc>Dismiss iFrame Ads</doc>
<status status="PASS" start="2025-08-27T17:28:41.110571" elapsed="1.041370"/>
</kw>
<status status="PASS" start="2025-08-27T17:28:35.441778" elapsed="6.710257"/>
</kw>
<kw name="Try to locate text" owner="Misc">
<kw name="Set Local Variable" owner="BuiltIn">
<msg time="2025-08-27T17:28:42.153229" level="INFO">${locator_to_be_found} = True</msg>
<arg>${locator_to_be_found}</arg>
<arg>${True}</arg>
<doc>Makes a variable available everywhere within the local scope.</doc>
<status status="PASS" start="2025-08-27T17:28:42.152634" elapsed="0.000655"/>
</kw>
<while condition="${locator_to_be_found}" limit="3">
<iter>
<try>
<branch type="TRY">
<kw name="Page Should Contain" owner="SeleniumLibrary">
<msg time="2025-08-27T17:28:42.167772" level="INFO">Current page contains text 'Automation Exercise'.</msg>
<arg>${locator}</arg>
<doc>Verifies that current page contains ``text``.</doc>
<status status="PASS" start="2025-08-27T17:28:42.153696" elapsed="0.014192"/>
</kw>
<kw name="Set Local Variable" owner="BuiltIn">
<msg time="2025-08-27T17:28:42.168377" level="INFO">${locator_to_be_found} = False</msg>
<arg>${locator_to_be_found}</arg>
<arg>${False}</arg>
<doc>Makes a variable available everywhere within the local scope.</doc>
<status status="PASS" start="2025-08-27T17:28:42.168170" elapsed="0.000247"/>
</kw>
<status status="PASS" start="2025-08-27T17:28:42.153585" elapsed="0.014873"/>
</branch>
<branch type="EXCEPT">
<kw name="Log" owner="BuiltIn">
<arg>element ${locator} not found</arg>
<doc>Logs the given message with the given level.</doc>
<status status="NOT RUN" start="2025-08-27T17:28:42.168621" elapsed="0.000028"/>
</kw>
<kw name="Consent to cookies and Dismiss Alarms" owner="Misc">
<status status="NOT RUN" start="2025-08-27T17:28:42.168769" elapsed="0.000026"/>
</kw>
<kw name="Pause Execution" owner="Dialogs">
<arg>Try to locate text</arg>
<doc>Pauses execution until user clicks ``Ok`` button.</doc>
<status status="NOT RUN" start="2025-08-27T17:28:42.168869" elapsed="0.000020"/>
</kw>
<status status="NOT RUN" start="2025-08-27T17:28:42.168528" elapsed="0.000389"/>
</branch>
<status status="PASS" start="2025-08-27T17:28:42.153556" elapsed="0.015419"/>
</try>
<status status="PASS" start="2025-08-27T17:28:42.153368" elapsed="0.015630"/>
</iter>
<status status="PASS" start="2025-08-27T17:28:42.153366" elapsed="0.015756"/>
</while>
<arg>${landing_page_details}[landing_page_txt]</arg>
<doc>Helper Keyword for interracting with elements that might not be visible due to overlayed windows/dialogs</doc>
<status status="PASS" start="2025-08-27T17:28:42.152364" elapsed="0.016821"/>
</kw>
<doc>Verify that the landing page is loaded</doc>
<status status="PASS" start="2025-08-27T17:28:35.441473" elapsed="6.727789"/>
</kw>
<kw name="Click Login/SignUp" owner="LandingPage">
<kw name="Click Element" owner="SeleniumLibrary">
<msg time="2025-08-27T17:28:42.169888" level="INFO">Clicking element 'xpath=//a[contains(text(),'Signup / Login')]'.</msg>
<arg>${landing_page_details}[signup_login_btn]</arg>
<doc>Click the element identified by ``locator``.</doc>
<status status="PASS" start="2025-08-27T17:28:42.169668" elapsed="1.625216"/>
</kw>
<doc>Click on the Login/SignUp button</doc>
<status status="PASS" start="2025-08-27T17:28:42.169398" elapsed="1.625637"/>
</kw>
<status status="PASS" start="2025-08-27T17:28:30.239130" elapsed="13.555969"/>
</kw>
<kw name="Navigate To Signup Details Page" owner="RegisterUserActions">
<kw name="Verify the SignUp Page" owner="LoginSignupPage">
<kw name="Consent to cookies and Dismiss Alarms" owner="Misc">
<kw name="Sleep" owner="BuiltIn">
<msg time="2025-08-27T17:28:45.797119" level="INFO">Slept 2 seconds.</msg>
<arg>2</arg>
<doc>Pauses the test executed for the given time.</doc>
<status status="PASS" start="2025-08-27T17:28:43.796676" elapsed="2.000543"/>
</kw>
<kw name="Check Web Server Error" owner="Misc">
<kw name="Run Keyword And Return Status" owner="BuiltIn">
<kw name="Page Should Contain" owner="SeleniumLibrary">
<msg time="2025-08-27T17:28:45.798461" level="FAIL">Variable '${web_server_error_txt}' not found.</msg>
<arg>${web_server_error_txt}</arg>
<doc>Verifies that current page contains ``text``.</doc>
<status status="FAIL" start="2025-08-27T17:28:45.797853" elapsed="0.000646">Variable '${web_server_error_txt}' not found.</status>
</kw>
<msg time="2025-08-27T17:28:45.798605" level="INFO">${web_server_error_txt} = False</msg>
<var>${web_server_error_txt}</var>
<arg>page should contain</arg>
<arg>${web_server_error_txt}</arg>
<doc>Runs the given keyword with given arguments and returns the status as a Boolean value.</doc>
<status status="PASS" start="2025-08-27T17:28:45.797701" elapsed="0.000928"/>
</kw>
<if>
<branch type="IF" condition="${web_server_error_txt}">
<kw name="Log" owner="BuiltIn">
<arg>reloading page</arg>
<doc>Logs the given message with the given level.</doc>
<status status="NOT RUN" start="2025-08-27T17:28:45.798866" elapsed="0.000027"/>
</kw>
<kw name="Reload Page" owner="SeleniumLibrary">
<doc>Simulates user reloading page.</doc>
<status status="NOT RUN" start="2025-08-27T17:28:45.798996" elapsed="0.000025"/>
</kw>
<status status="NOT RUN" start="2025-08-27T17:28:45.798712" elapsed="0.000341"/>
</branch>
<status status="PASS" start="2025-08-27T17:28:45.798691" elapsed="0.000401"/>
</if>
<status status="PASS" start="2025-08-27T17:28:45.797449" elapsed="0.001686"/>
</kw>
<kw name="Consent to cookies" owner="Misc">
<kw name="Run Keyword And Return Status" owner="BuiltIn">
<kw name="Element Should Be Visible" owner="SeleniumLibrary">
<msg time="2025-08-27T17:28:45.924523" level="INFO" html="true">&lt;/td&gt;&lt;/tr&gt;&lt;tr&gt;&lt;td colspan="3"&gt;&lt;a href="selenium-screenshot-6.png"&gt;&lt;img src="selenium-screenshot-6.png" width="800px"&gt;&lt;/a&gt;</msg>
<msg time="2025-08-27T17:28:45.924662" level="FAIL">Element with locator 'class=fc-cta-consent' not found.</msg>
<arg>${misc_details}[consent_btn]</arg>
<doc>Verifies that the element identified by ``locator`` is visible.</doc>
<status status="FAIL" start="2025-08-27T17:28:45.799656" elapsed="0.154289">Element with locator 'class=fc-cta-consent' not found.</status>
</kw>
<msg time="2025-08-27T17:28:45.954079" level="INFO">${cookies_window} = False</msg>
<var>${cookies_window}</var>
<arg>element should be visible</arg>
<arg>${misc_details}[consent_btn]</arg>
<doc>Runs the given keyword with given arguments and returns the status as a Boolean value.</doc>
<status status="PASS" start="2025-08-27T17:28:45.799515" elapsed="0.154587"/>
</kw>
<if>
<branch type="IF" condition="${cookies_window}">
<kw name="Log" owner="BuiltIn">
<arg>Cookies are visible</arg>
<doc>Logs the given message with the given level.</doc>
<status status="NOT RUN" start="2025-08-27T17:28:45.954418" elapsed="0.000032"/>
</kw>
<kw name="Click Button" owner="SeleniumLibrary">
<arg>${misc_details}[consent_btn]</arg>
<doc>Clicks the button identified by ``locator``.</doc>
<status status="NOT RUN" start="2025-08-27T17:28:45.954543" elapsed="0.000018"/>
</kw>
<status status="NOT RUN" start="2025-08-27T17:28:45.954226" elapsed="0.000363"/>
</branch>
<branch type="ELSE">
<kw name="Log" owner="BuiltIn">
<msg time="2025-08-27T17:28:45.954784" level="INFO">Cookies not visible</msg>
<arg>Cookies not visible</arg>
<doc>Logs the given message with the given level.</doc>
<status status="PASS" start="2025-08-27T17:28:45.954689" elapsed="0.000131"/>
</kw>
<status status="PASS" start="2025-08-27T17:28:45.954619" elapsed="0.000229"/>
</branch>
<status status="PASS" start="2025-08-27T17:28:45.954202" elapsed="0.000669"/>
</if>
<doc>Click on consent button for cookies</doc>
<status status="PASS" start="2025-08-27T17:28:45.799304" elapsed="0.155605"/>
</kw>
<kw name="Dismiss Alarms" owner="Misc">
<kw name="Run Keyword And Return Status" owner="BuiltIn">
<kw name="Handle Alert" owner="SeleniumLibrary">
<msg time="2025-08-27T17:28:45.955509" level="INFO">HANDLE::&lt;class 'datetime.timedelta'&gt;::0:00:03</msg>
<msg time="2025-08-27T17:28:49.092983" level="INFO" html="true">&lt;/td&gt;&lt;/tr&gt;&lt;tr&gt;&lt;td colspan="3"&gt;&lt;a href="selenium-screenshot-7.png"&gt;&lt;img src="selenium-screenshot-7.png" width="800px"&gt;&lt;/a&gt;</msg>
<msg time="2025-08-27T17:28:49.093119" level="FAIL">Alert not found in 3 seconds.</msg>
<arg>LEAVE</arg>
<arg>3</arg>
<doc>Handles the current alert and returns its message.</doc>
<status status="FAIL" start="2025-08-27T17:28:45.955371" elapsed="3.138573">Alert not found in 3 seconds.</status>
</kw>
<msg time="2025-08-27T17:28:49.094084" level="INFO">${alert_window} = False</msg>
<var>${alert_window}</var>
<arg>handle alert</arg>
<arg>LEAVE</arg>
<arg>3</arg>
<doc>Runs the given keyword with given arguments and returns the status as a Boolean value.</doc>
<status status="PASS" start="2025-08-27T17:28:45.955240" elapsed="3.138869"/>
</kw>
<if>
<branch type="IF" condition="${alert_window}">
<kw name="Log" owner="BuiltIn">
<arg>Alert window present</arg>
<doc>Logs the given message with the given level.</doc>
<status status="NOT RUN" start="2025-08-27T17:28:49.094360" elapsed="0.000024"/>
</kw>
<kw name="Handle Alert" owner="SeleniumLibrary">
<arg>DISMISS</arg>
<doc>Handles the current alert and returns its message.</doc>
<status status="NOT RUN" start="2025-08-27T17:28:49.094482" elapsed="0.000020"/>
</kw>
<status status="NOT RUN" start="2025-08-27T17:28:49.094197" elapsed="0.000340"/>
</branch>
<branch type="ELSE">
<kw name="Log" owner="BuiltIn">
<msg time="2025-08-27T17:28:49.094753" level="INFO">Alert window not present</msg>
<arg>Alert window not present</arg>
<doc>Logs the given message with the given level.</doc>
<status status="PASS" start="2025-08-27T17:28:49.094645" elapsed="0.000148"/>
</kw>
<status status="PASS" start="2025-08-27T17:28:49.094570" elapsed="0.000266"/>
</branch>
<status status="PASS" start="2025-08-27T17:28:49.094174" elapsed="0.000690"/>
</if>
<doc>Dismiss Alarm popups</doc>
<status status="PASS" start="2025-08-27T17:28:45.955062" elapsed="3.139843"/>
</kw>
<kw name="Dismiss iFrame Ads" owner="Misc">
<kw name="Get WebElements" owner="SeleniumLibrary">
<msg time="2025-08-27T17:28:49.103306" level="INFO">${iframes1} = [&lt;selenium.webdriver.remote.webelement.WebElement (session="fda89b14796e4aa196facafe9d9b9c38", element="f.C0F024973717B3DC3AC5FCE56D515922.d.8898C515DEDA31FE6434DEBF6BA72757.e.419")&gt;, &lt;selenium.webdri...</msg>
<var>${iframes1}</var>
<arg>${misc_details}[ad_iframe]</arg>
<doc>Returns a list of WebElement objects matching the ``locator``.</doc>
<status status="PASS" start="2025-08-27T17:28:49.095729" elapsed="0.007817"/>
</kw>
<for flavor="IN">
<iter>
<kw name="Unselect Frame" owner="SeleniumLibrary">
<doc>Sets the main frame as the current frame.</doc>
<status status="PASS" start="2025-08-27T17:28:49.104128" elapsed="0.003710"/>
</kw>
<kw name="Log" owner="BuiltIn">
<msg time="2025-08-27T17:28:49.108187" level="INFO">iframe level1 detected: &lt;selenium.webdriver.remote.webelement.WebElement (session="fda89b14796e4aa196facafe9d9b9c38", element="f.C0F024973717B3DC3AC5FCE56D515922.d.8898C515DEDA31FE6434DEBF6BA72757.e.419")&gt;</msg>
<arg>iframe level1 detected: ${iframe1}</arg>
<doc>Logs the given message with the given level.</doc>
<status status="PASS" start="2025-08-27T17:28:49.108025" elapsed="0.000214"/>
</kw>
<kw name="Run Keyword And Return Status" owner="BuiltIn">
<kw name="Select Frame" owner="SeleniumLibrary">
<msg time="2025-08-27T17:28:49.108621" level="INFO">Selecting frame '&lt;selenium.webdriver.remote.webelement.WebElement (session="fda89b14796e4aa196facafe9d9b9c38", element="f.C0F024973717B3DC3AC5FCE56D515922.d.8898C515DEDA31FE6434DEBF6BA72757.e.419")&gt;'.</msg>
<arg>${iframe1}</arg>
<doc>Sets frame identified by ``locator`` as the current frame.</doc>
<status status="PASS" start="2025-08-27T17:28:49.108474" elapsed="0.016740"/>
</kw>
<msg time="2025-08-27T17:28:49.125352" level="INFO">${selecting_frame1} = True</msg>
<var>${selecting_frame1}</var>
<arg>select frame</arg>
<arg>${iframe1}</arg>
<doc>Runs the given keyword with given arguments and returns the status as a Boolean value.</doc>
<status status="PASS" start="2025-08-27T17:28:49.108351" elapsed="0.017025"/>
</kw>
<kw name="Get WebElements" owner="SeleniumLibrary">
<msg time="2025-08-27T17:28:49.131621" level="INFO">${iframes2} = []</msg>
<var>${iframes2}</var>
<arg>${misc_details}[ad_iframe]</arg>
<doc>Returns a list of WebElement objects matching the ``locator``.</doc>
<status status="PASS" start="2025-08-27T17:28:49.125517" elapsed="0.006150"/>
</kw>
<for flavor="IN">
<iter>
<kw name="Log" owner="BuiltIn">
<arg>iframe level2 detected: ${iframe2}</arg>
<doc>Logs the given message with the given level.</doc>
<status status="NOT RUN" start="2025-08-27T17:28:49.132041" elapsed="0.000026"/>
</kw>
<kw name="Run Keyword And Return Status" owner="BuiltIn">
<var>${selecting_frame2}</var>
<arg>select frame</arg>
<arg>${iframe2}</arg>
<doc>Runs the given keyword with given arguments and returns the status as a Boolean value.</doc>
<status status="NOT RUN" start="2025-08-27T17:28:49.132163" elapsed="0.000020"/>
</kw>
<kw name="Get WebElements" owner="SeleniumLibrary">
<var>${iframes3}</var>
<arg>${misc_details}[ad_iframe]</arg>
<doc>Returns a list of WebElement objects matching the ``locator``.</doc>
<status status="NOT RUN" start="2025-08-27T17:28:49.132270" elapsed="0.000019"/>
</kw>
<for flavor="IN">
<iter>
<kw name="Log" owner="BuiltIn">
<arg>iframe level3 detected: ${iframe3}</arg>
<doc>Logs the given message with the given level.</doc>
<status status="NOT RUN" start="2025-08-27T17:28:49.132452" elapsed="0.000019"/>
</kw>
<kw name="Run Keyword And Return Status" owner="BuiltIn">
<var>${selecting_frame3}</var>
<arg>select frame</arg>
<arg>${iframe3}</arg>
<doc>Runs the given keyword with given arguments and returns the status as a Boolean value.</doc>
<status status="NOT RUN" start="2025-08-27T17:28:49.132550" elapsed="0.000019"/>
</kw>
<kw name="Search for the Dismiss Button within the iFrame" owner="Misc">
<var>${button_found}</var>
<arg>level3</arg>
<doc>Helper Keyword for searching the dismiss button</doc>
<status status="NOT RUN" start="2025-08-27T17:28:49.132752" elapsed="0.000032"/>
</kw>
<kw name="Run Keyword And Return Status" owner="BuiltIn">
<var>${selecting_frame1}</var>
<arg>select frame</arg>
<arg>${iframe1}</arg>
<doc>Runs the given keyword with given arguments and returns the status as a Boolean value.</doc>
<status status="NOT RUN" start="2025-08-27T17:28:49.132893" elapsed="0.000022"/>
</kw>
<kw name="Run Keyword And Return Status" owner="BuiltIn">
<var>${selecting_frame2}</var>
<arg>select frame</arg>
<arg>${iframe2}</arg>
<doc>Runs the given keyword with given arguments and returns the status as a Boolean value.</doc>
<status status="NOT RUN" start="2025-08-27T17:28:49.133082" elapsed="0.000022"/>
</kw>
<var name="${iframe3}"/>
<status status="NOT RUN" start="2025-08-27T17:28:49.132385" elapsed="0.000752"/>
</iter>
<var>${iframe3}</var>
<value>@{iframes3}</value>
<status status="NOT RUN" start="2025-08-27T17:28:49.132330" elapsed="0.000843"/>
</for>
<kw name="Search for the Dismiss Button within the iFrame" owner="Misc">
<var>${button_found}</var>
<arg>level2</arg>
<doc>Helper Keyword for searching the dismiss button</doc>
<status status="NOT RUN" start="2025-08-27T17:28:49.133323" elapsed="0.000025"/>
</kw>
<kw name="Run Keyword And Return Status" owner="BuiltIn">
<var>${selecting_frame1}</var>
<arg>select frame</arg>
<arg>${iframe1}</arg>
<doc>Runs the given keyword with given arguments and returns the status as a Boolean value.</doc>
<status status="NOT RUN" start="2025-08-27T17:28:49.133435" elapsed="0.000020"/>
</kw>
<var name="${iframe2}"/>
<status status="NOT RUN" start="2025-08-27T17:28:49.131928" elapsed="0.001560"/>
</iter>
<var>${iframe2}</var>
<value>@{iframes2}</value>
<status status="NOT RUN" start="2025-08-27T17:28:49.131755" elapsed="0.001779"/>
</for>
<kw name="Run Keyword And Return Status" owner="BuiltIn">
<kw name="Search for the Dismiss Button within the iFrame" owner="Misc">
<kw name="Run Keyword And Return Status" owner="BuiltIn">
<kw name="Page Should Contain Button" owner="SeleniumLibrary">
<msg time="2025-08-27T17:28:49.282604" level="INFO" html="true">&lt;/td&gt;&lt;/tr&gt;&lt;tr&gt;&lt;td colspan="3"&gt;&lt;a href="selenium-screenshot-8.png"&gt;&lt;img src="selenium-screenshot-8.png" width="800px"&gt;&lt;/a&gt;</msg>
<msg time="2025-08-27T17:28:49.282789" level="FAIL">Page should have contained button 'xpath=//*[@id="dismiss-button"]' but did not.</msg>
<arg>${misc_details}[dismiss_button]</arg>
<doc>Verifies button ``locator`` is found from current page.</doc>
<status status="FAIL" start="2025-08-27T17:28:49.134157" elapsed="0.149480">Page should have contained button 'xpath=//*[@id="dismiss-button"]' but did not.</status>
</kw>
<msg time="2025-08-27T17:28:49.283797" level="INFO">${button_found} = False</msg>
<var>${button_found}</var>
<arg>page should contain button</arg>
<arg>${misc_details}[dismiss_button]</arg>
<doc>Runs the given keyword with given arguments and returns the status as a Boolean value.</doc>
<status status="PASS" start="2025-08-27T17:28:49.134039" elapsed="0.149783"/>
</kw>
<if>
<branch type="IF" condition="${button_found}">
<kw name="Run Keyword And Return Status" owner="BuiltIn">
<var>${element_clicked}</var>
<arg>Dismiss ads via Click element</arg>
<arg>${frame_level}</arg>
<doc>Runs the given keyword with given arguments and returns the status as a Boolean value.</doc>
<status status="NOT RUN" start="2025-08-27T17:28:49.284100" elapsed="0.000026"/>
</kw>
<status status="NOT RUN" start="2025-08-27T17:28:49.283914" elapsed="0.000250"/>
</branch>
<status status="PASS" start="2025-08-27T17:28:49.283890" elapsed="0.000306"/>
</if>
<kw name="Unselect Frame" owner="SeleniumLibrary">
<doc>Sets the main frame as the current frame.</doc>
<status status="PASS" start="2025-08-27T17:28:49.284278" elapsed="0.003507"/>
</kw>
<return>
<value>${button_found}</value>
<status status="PASS" start="2025-08-27T17:28:49.287922" elapsed="0.000067"/>
</return>
<arg>level1</arg>
<doc>Helper Keyword for searching the dismiss button</doc>
<status status="PASS" start="2025-08-27T17:28:49.133811" elapsed="0.154342"/>
</kw>
<msg time="2025-08-27T17:28:49.288268" level="INFO">${button_found} = True</msg>
<var>${button_found}</var>
<arg>Search for the Dismiss Button within the iFrame</arg>
<arg>level1</arg>
<doc>Runs the given keyword with given arguments and returns the status as a Boolean value.</doc>
<status status="PASS" start="2025-08-27T17:28:49.133627" elapsed="0.154674"/>
</kw>
<var name="${iframe1}">&lt;selenium.webdriver.remote.webelement.WebElement (session="fda89b14796e4aa196facafe9d9b9c38", element="f.C0F024973717B3DC3AC5FCE56D515922.d.8898C515DEDA31FE6434DEBF6BA72757.e.419")&gt;</var>
<status status="PASS" start="2025-08-27T17:28:49.103966" elapsed="0.184380"/>
</iter>
<iter>
<kw name="Unselect Frame" owner="SeleniumLibrary">
<doc>Sets the main frame as the current frame.</doc>
<status status="PASS" start="2025-08-27T17:28:49.288747" elapsed="0.002548"/>
</kw>
<kw name="Log" owner="BuiltIn">
<msg time="2025-08-27T17:28:49.291627" level="INFO">iframe level1 detected: &lt;selenium.webdriver.remote.webelement.WebElement (session="fda89b14796e4aa196facafe9d9b9c38", element="f.C0F024973717B3DC3AC5FCE56D515922.d.8898C515DEDA31FE6434DEBF6BA72757.e.420")&gt;</msg>
<arg>iframe level1 detected: ${iframe1}</arg>
<doc>Logs the given message with the given level.</doc>
<status status="PASS" start="2025-08-27T17:28:49.291459" elapsed="0.000209"/>
</kw>
<kw name="Run Keyword And Return Status" owner="BuiltIn">
<kw name="Select Frame" owner="SeleniumLibrary">
<msg time="2025-08-27T17:28:49.292041" level="INFO">Selecting frame '&lt;selenium.webdriver.remote.webelement.WebElement (session="fda89b14796e4aa196facafe9d9b9c38", element="f.C0F024973717B3DC3AC5FCE56D515922.d.8898C515DEDA31FE6434DEBF6BA72757.e.420")&gt;'.</msg>
<arg>${iframe1}</arg>
<doc>Sets frame identified by ``locator`` as the current frame.</doc>
<status status="PASS" start="2025-08-27T17:28:49.291905" elapsed="0.015768"/>
</kw>
<msg time="2025-08-27T17:28:49.307814" level="INFO">${selecting_frame1} = True</msg>
<var>${selecting_frame1}</var>
<arg>select frame</arg>
<arg>${iframe1}</arg>
<doc>Runs the given keyword with given arguments and returns the status as a Boolean value.</doc>
<status status="PASS" start="2025-08-27T17:28:49.291776" elapsed="0.016065"/>
</kw>
<kw name="Get WebElements" owner="SeleniumLibrary">
<msg time="2025-08-27T17:28:49.313995" level="INFO">${iframes2} = []</msg>
<var>${iframes2}</var>
<arg>${misc_details}[ad_iframe]</arg>
<doc>Returns a list of WebElement objects matching the ``locator``.</doc>
<status status="PASS" start="2025-08-27T17:28:49.307983" elapsed="0.006054"/>
</kw>
<for flavor="IN">
<iter>
<kw name="Log" owner="BuiltIn">
<arg>iframe level2 detected: ${iframe2}</arg>
<doc>Logs the given message with the given level.</doc>
<status status="NOT RUN" start="2025-08-27T17:28:49.314436" elapsed="0.000029"/>
</kw>
<kw name="Run Keyword And Return Status" owner="BuiltIn">
<var>${selecting_frame2}</var>
<arg>select frame</arg>
<arg>${iframe2}</arg>
<doc>Runs the given keyword with given arguments and returns the status as a Boolean value.</doc>
<status status="NOT RUN" start="2025-08-27T17:28:49.314564" elapsed="0.000021"/>
</kw>
<kw name="Get WebElements" owner="SeleniumLibrary">
<var>${iframes3}</var>
<arg>${misc_details}[ad_iframe]</arg>
<doc>Returns a list of WebElement objects matching the ``locator``.</doc>
<status status="NOT RUN" start="2025-08-27T17:28:49.314673" elapsed="0.000030"/>
</kw>
<for flavor="IN">
<iter>
<kw name="Log" owner="BuiltIn">
<arg>iframe level3 detected: ${iframe3}</arg>
<doc>Logs the given message with the given level.</doc>
<status status="NOT RUN" start="2025-08-27T17:28:49.314876" elapsed="0.000020"/>
</kw>
<kw name="Run Keyword And Return Status" owner="BuiltIn">
<var>${selecting_frame3}</var>
<arg>select frame</arg>
<arg>${iframe3}</arg>
<doc>Runs the given keyword with given arguments and returns the status as a Boolean value.</doc>
<status status="NOT RUN" start="2025-08-27T17:28:49.314984" elapsed="0.000026"/>
</kw>
<kw name="Search for the Dismiss Button within the iFrame" owner="Misc">
<var>${button_found}</var>
<arg>level3</arg>
<doc>Helper Keyword for searching the dismiss button</doc>
<status status="NOT RUN" start="2025-08-27T17:28:49.315174" elapsed="0.000026"/>
</kw>
<kw name="Run Keyword And Return Status" owner="BuiltIn">
<var>${selecting_frame1}</var>
<arg>select frame</arg>
<arg>${iframe1}</arg>
<doc>Runs the given keyword with given arguments and returns the status as a Boolean value.</doc>
<status status="NOT RUN" start="2025-08-27T17:28:49.315382" elapsed="0.000025"/>
</kw>
<kw name="Run Keyword And Return Status" owner="BuiltIn">
<var>${selecting_frame2}</var>
<arg>select frame</arg>
<arg>${iframe2}</arg>
<doc>Runs the given keyword with given arguments and returns the status as a Boolean value.</doc>
<status status="NOT RUN" start="2025-08-27T17:28:49.315493" elapsed="0.000019"/>
</kw>
<var name="${iframe3}"/>
<status status="NOT RUN" start="2025-08-27T17:28:49.314807" elapsed="0.000737"/>
</iter>
<var>${iframe3}</var>
<value>@{iframes3}</value>
<status status="NOT RUN" start="2025-08-27T17:28:49.314747" elapsed="0.000833"/>
</for>
<kw name="Search for the Dismiss Button within the iFrame" owner="Misc">
<var>${button_found}</var>
<arg>level2</arg>
<doc>Helper Keyword for searching the dismiss button</doc>
<status status="NOT RUN" start="2025-08-27T17:28:49.315757" elapsed="0.000026"/>
</kw>
<kw name="Run Keyword And Return Status" owner="BuiltIn">
<var>${selecting_frame1}</var>
<arg>select frame</arg>
<arg>${iframe1}</arg>
<doc>Runs the given keyword with given arguments and returns the status as a Boolean value.</doc>
<status status="NOT RUN" start="2025-08-27T17:28:49.315873" elapsed="0.000021"/>
</kw>
<var name="${iframe2}"/>
<status status="NOT RUN" start="2025-08-27T17:28:49.314295" elapsed="0.001632"/>
</iter>
<var>${iframe2}</var>
<value>@{iframes2}</value>
<status status="NOT RUN" start="2025-08-27T17:28:49.314126" elapsed="0.001835"/>
</for>
<kw name="Run Keyword And Return Status" owner="BuiltIn">
<kw name="Search for the Dismiss Button within the iFrame" owner="Misc">
<kw name="Run Keyword And Return Status" owner="BuiltIn">
<kw name="Page Should Contain Button" owner="SeleniumLibrary">
<msg time="2025-08-27T17:28:49.472972" level="INFO" html="true">&lt;/td&gt;&lt;/tr&gt;&lt;tr&gt;&lt;td colspan="3"&gt;&lt;a href="selenium-screenshot-9.png"&gt;&lt;img src="selenium-screenshot-9.png" width="800px"&gt;&lt;/a&gt;</msg>
<msg time="2025-08-27T17:28:49.473125" level="FAIL">Page should have contained button 'xpath=//*[@id="dismiss-button"]' but did not.</msg>
<arg>${misc_details}[dismiss_button]</arg>
<doc>Verifies button ``locator`` is found from current page.</doc>
<status status="FAIL" start="2025-08-27T17:28:49.316894" elapsed="0.156981">Page should have contained button 'xpath=//*[@id="dismiss-button"]' but did not.</status>
</kw>
<msg time="2025-08-27T17:28:49.474006" level="INFO">${button_found} = False</msg>
<var>${button_found}</var>
<arg>page should contain button</arg>
<arg>${misc_details}[dismiss_button]</arg>
<doc>Runs the given keyword with given arguments and returns the status as a Boolean value.</doc>
<status status="PASS" start="2025-08-27T17:28:49.316657" elapsed="0.157371"/>
</kw>
<if>
<branch type="IF" condition="${button_found}">
<kw name="Run Keyword And Return Status" owner="BuiltIn">
<var>${element_clicked}</var>
<arg>Dismiss ads via Click element</arg>
<arg>${frame_level}</arg>
<doc>Runs the given keyword with given arguments and returns the status as a Boolean value.</doc>
<status status="NOT RUN" start="2025-08-27T17:28:49.474294" elapsed="0.000023"/>
</kw>
<status status="NOT RUN" start="2025-08-27T17:28:49.474108" elapsed="0.000242"/>
</branch>
<status status="PASS" start="2025-08-27T17:28:49.474086" elapsed="0.000292"/>
</if>
<kw name="Unselect Frame" owner="SeleniumLibrary">
<doc>Sets the main frame as the current frame.</doc>
<status status="PASS" start="2025-08-27T17:28:49.474464" elapsed="0.003324"/>
</kw>
<return>
<value>${button_found}</value>
<status status="PASS" start="2025-08-27T17:28:49.477865" elapsed="0.000045"/>
</return>
<arg>level1</arg>
<doc>Helper Keyword for searching the dismiss button</doc>
<status status="PASS" start="2025-08-27T17:28:49.316243" elapsed="0.161770"/>
</kw>
<msg time="2025-08-27T17:28:49.478084" level="INFO">${button_found} = True</msg>
<var>${button_found}</var>
<arg>Search for the Dismiss Button within the iFrame</arg>
<arg>level1</arg>
<doc>Runs the given keyword with given arguments and returns the status as a Boolean value.</doc>
<status status="PASS" start="2025-08-27T17:28:49.316059" elapsed="0.162045"/>
</kw>
<var name="${iframe1}">&lt;selenium.webdriver.remote.webelement.WebElement (session="fda89b14796e4aa196facafe9d9b9c38", element="f.C0F024973717B3DC3AC5FCE56D515922.d.8898C515DEDA31FE6434DEBF6BA72757.e.420")&gt;</var>
<status status="PASS" start="2025-08-27T17:28:49.288594" elapsed="0.189543"/>
</iter>
<var>${iframe1}</var>
<value>@{iframes1}</value>
<status status="PASS" start="2025-08-27T17:28:49.103654" elapsed="0.374521"/>
</for>
<doc>Dismiss iFrame Ads</doc>
<status status="PASS" start="2025-08-27T17:28:49.095119" elapsed="0.383107"/>
</kw>
<status status="PASS" start="2025-08-27T17:28:43.796447" elapsed="5.681817"/>
</kw>
<kw name="Try to locate element" owner="Misc">
<kw name="Set Local Variable" owner="BuiltIn">
<msg time="2025-08-27T17:28:49.479527" level="INFO">${locator_to_be_found} = True</msg>
<arg>${locator_to_be_found}</arg>
<arg>${True}</arg>
<doc>Makes a variable available everywhere within the local scope.</doc>
<status status="PASS" start="2025-08-27T17:28:49.478887" elapsed="0.000687"/>
</kw>
<while condition="${locator_to_be_found}" limit="3">
<iter>
<try>
<branch type="TRY">
<kw name="Page Should Contain Element" owner="SeleniumLibrary">
<msg time="2025-08-27T17:28:49.492361" level="INFO">Current page contains element 'xpath=//h2[text()='New User Signup!']'.</msg>
<arg>${locator}</arg>
<doc>Verifies that element ``locator`` is found on the current page.</doc>
<status status="PASS" start="2025-08-27T17:28:49.479942" elapsed="0.012499"/>
</kw>
<kw name="Set Local Variable" owner="BuiltIn">
<msg time="2025-08-27T17:28:49.492743" level="INFO">${locator_to_be_found} = False</msg>
<arg>${locator_to_be_found}</arg>
<arg>${False}</arg>
<doc>Makes a variable available everywhere within the local scope.</doc>
<status status="PASS" start="2025-08-27T17:28:49.492589" elapsed="0.000185"/>
</kw>
<status status="PASS" start="2025-08-27T17:28:49.479844" elapsed="0.012971"/>
</branch>
<branch type="EXCEPT">
<kw name="Log" owner="BuiltIn">
<arg>element ${locator} not found</arg>
<doc>Logs the given message with the given level.</doc>
<status status="NOT RUN" start="2025-08-27T17:28:49.492956" elapsed="0.000022"/>
</kw>
<kw name="Consent to cookies and Dismiss Alarms" owner="Misc">
<status status="NOT RUN" start="2025-08-27T17:28:49.493105" elapsed="0.000024"/>
</kw>
<kw name="Pause Execution" owner="Dialogs">
<arg>Try to locate element</arg>
<doc>Pauses execution until user clicks ``Ok`` button.</doc>
<status status="NOT RUN" start="2025-08-27T17:28:49.493199" elapsed="0.000018"/>
</kw>
<status status="NOT RUN" start="2025-08-27T17:28:49.492867" elapsed="0.000376"/>
</branch>
<status status="PASS" start="2025-08-27T17:28:49.479821" elapsed="0.013456"/>
</try>
<status status="PASS" start="2025-08-27T17:28:49.479641" elapsed="0.013656"/>
</iter>
<status status="PASS" start="2025-08-27T17:28:49.479640" elapsed="0.013771"/>
</while>
<arg>${login_signup_page_details}[signup_txt]</arg>
<doc>Helper Keyword for interracting with elements that might not be visible due to overlayed windows/dialogs</doc>
<status status="PASS" start="2025-08-27T17:28:49.478522" elapsed="0.014953"/>
</kw>
<doc>Verify that the signup page is loaded</doc>
<status status="PASS" start="2025-08-27T17:28:43.796126" elapsed="5.697395"/>
</kw>
<kw name="Enter Name And Email to SignUp" owner="LoginSignupPage">
<kw name="Generate Random Username" owner="Misc">
<kw name="Get Current Date" owner="DateTime">
<msg time="2025-08-27T17:28:49.494343" level="INFO">${epoch_time} = 1756304929.0</msg>
<var>${epoch_time}</var>
<arg>result_format=epoch</arg>
<arg>exclude_millis=yes</arg>
<doc>Returns current local or UTC time with an optional increment.</doc>
<status status="PASS" start="2025-08-27T17:28:49.494104" elapsed="0.000326"/>
</kw>
<kw name="Convert To String" owner="BuiltIn">
<msg time="2025-08-27T17:28:49.494713" level="INFO">${random_string} = 1756304929.0</msg>
<var>${random_string}</var>
<arg>${epoch_time}</arg>
<doc>Converts the given item to a Unicode string.</doc>
<status status="PASS" start="2025-08-27T17:28:49.494539" elapsed="0.000196"/>
</kw>
<return>
<value>${random_string}</value>
<status status="PASS" start="2025-08-27T17:28:49.494776" elapsed="0.000035"/>
</return>
<msg time="2025-08-27T17:28:49.494905" level="INFO">${RANDOM_USER_TC} = 1756304929.0</msg>
<var>${RANDOM_USER_TC}</var>
<doc>Generate a random String based on the current date and time</doc>
<status status="PASS" start="2025-08-27T17:28:49.493895" elapsed="0.001031"/>
</kw>
<kw name="Generate Random Email" owner="Misc">
<kw name="Generate Random String" owner="String">
<msg time="2025-08-27T17:28:49.495400" level="INFO">${random_domain} = rwiqbgzyby</msg>
<var>${random_domain}</var>
<arg>10</arg>
<arg>[LOWER]</arg>
<doc>Generates a string with a desired ``length`` from the given ``chars``.</doc>
<status status="PASS" start="2025-08-27T17:28:49.495239" elapsed="0.000182"/>
</kw>
<return>
<value>${username}@${random_domain}.com</value>
<status status="PASS" start="2025-08-27T17:28:49.495470" elapsed="0.000028"/>
</return>
<msg time="2025-08-27T17:28:49.495600" level="INFO">${RANDOM_EMAIL_TC} = 1756304929.0@rwiqbgzyby.com</msg>
<var>${RANDOM_EMAIL_TC}</var>
<arg>${RANDOM_USER_TC}</arg>
<doc>Generate a random Email</doc>
<status status="PASS" start="2025-08-27T17:28:49.495053" elapsed="0.000566"/>
</kw>
<kw name="Set Test Variable" owner="BuiltIn">
<msg time="2025-08-27T17:28:49.495832" level="INFO">${RANDOM_USER_TC} = 1756304929.0</msg>
<arg>${RANDOM_USER_TC}</arg>
<doc>Makes a variable available everywhere within the scope of the current test.</doc>
<status status="PASS" start="2025-08-27T17:28:49.495706" elapsed="0.000160"/>
</kw>
<kw name="Set Test Variable" owner="BuiltIn">
<msg time="2025-08-27T17:28:49.496063" level="INFO">${RANDOM_EMAIL_TC} = 1756304929.0@rwiqbgzyby.com</msg>
<arg>${RANDOM_EMAIL_TC}</arg>
<doc>Makes a variable available everywhere within the scope of the current test.</doc>
<status status="PASS" start="2025-08-27T17:28:49.495949" elapsed="0.000142"/>
</kw>
<kw name="Run Keyword And Return Status" owner="BuiltIn">
<kw name="Should Contain Any" owner="BuiltIn">
<arg>${TEST TAGS}</arg>
<arg>@{login_signup_page_details}[persistent_user_tc01]</arg>
<arg>ignore_case=True</arg>
<doc>Fails if ``container`` does not contain any of the ``*items``.</doc>
<status status="PASS" start="2025-08-27T17:28:49.496257" elapsed="0.000153"/>
</kw>
<msg time="2025-08-27T17:28:49.496474" level="INFO">${persistent_user_tc01} = True</msg>
<var>${persistent_user_tc01}</var>
<arg>should contain any</arg>
<arg>${TEST TAGS}</arg>
<arg>@{login_signup_page_details}[persistent_user_tc01]</arg>
<arg>ignore_case=True</arg>
<doc>Runs the given keyword with given arguments and returns the status as a Boolean value.</doc>
<status status="PASS" start="2025-08-27T17:28:49.496168" elapsed="0.000323"/>
</kw>
<if>
<branch type="IF" condition="${persistent_user_tc01}">
<kw name="Set Suite Variable" owner="BuiltIn">
<msg time="2025-08-27T17:28:49.497236" level="INFO">${RANDOM_USER_TC01} = 1756304929.0</msg>
<arg>${RANDOM_USER_TC01}</arg>
<arg>${RANDOM_USER_TC}</arg>
<doc>Makes a variable available everywhere within the scope of the current suite.</doc>
<status status="PASS" start="2025-08-27T17:28:49.496662" elapsed="0.000611"/>
</kw>
<kw name="Set Suite Variable" owner="BuiltIn">
<msg time="2025-08-27T17:28:49.497897" level="INFO">${RANDOM_EMAIL_TC01} = 1756304929.0@rwiqbgzyby.com</msg>
<arg>${RANDOM_EMAIL_TC01}</arg>
<arg>${RANDOM_EMAIL_TC}</arg>
<doc>Makes a variable available everywhere within the scope of the current suite.</doc>
<status status="PASS" start="2025-08-27T17:28:49.497367" elapsed="0.000566"/>
</kw>
<status status="PASS" start="2025-08-27T17:28:49.496551" elapsed="0.001418"/>
</branch>
<status status="PASS" start="2025-08-27T17:28:49.496536" elapsed="0.001468"/>
</if>
<kw name="Input Text" owner="SeleniumLibrary">
<msg time="2025-08-27T17:28:49.498228" level="INFO">Typing text '1756304929.0' into text field 'css=input[data-qa='signup-name']'.</msg>
<arg>${login_signup_page_details}[signup_name_css]</arg>
<arg>${RANDOM_USER_TC}</arg>
<doc>Types the given ``text`` into the text field identified by ``locator``.</doc>
<status status="PASS" start="2025-08-27T17:28:49.498083" elapsed="0.097089"/>
</kw>
<kw name="Input Text" owner="SeleniumLibrary">
<msg time="2025-08-27T17:28:49.595642" level="INFO">Typing text '1756304929.0@rwiqbgzyby.com' into text field 'css=input[data-qa='signup-email']'.</msg>
<arg>${login_signup_page_details}[signup_email_css]</arg>
<arg>${RANDOM_EMAIL_TC}</arg>
<doc>Types the given ``text`` into the text field identified by ``locator``.</doc>
<status status="PASS" start="2025-08-27T17:28:49.595365" elapsed="0.109791"/>
</kw>
<doc>Enter the username and email to SignUp</doc>
<status status="PASS" start="2025-08-27T17:28:49.493680" elapsed="0.211654"/>
</kw>
<kw name="Click Signup Button" owner="LoginSignupPage">
<kw name="Click Element" owner="SeleniumLibrary">
<msg time="2025-08-27T17:28:49.707200" level="INFO">Clicking element 'xpath=//button[contains(text(),'Signup')]'.</msg>
<arg>${login_signup_page_details}[signup_btn_elm]</arg>
<doc>Click the element identified by ``locator``.</doc>
<status status="PASS" start="2025-08-27T17:28:49.706951" elapsed="6.327782"/>
</kw>
<doc>Click on the Singup Button Element</doc>
<status status="PASS" start="2025-08-27T17:28:49.705751" elapsed="6.329082"/>
</kw>
<status status="PASS" start="2025-08-27T17:28:43.795604" elapsed="12.239279"/>
</kw>
<kw name="Fill Information and Create Account" owner="RegisterUserActions">
<kw name="Verify Information Request Is Visible" owner="NewSignupPage">
<kw name="Consent to cookies and Dismiss Alarms" owner="Misc">
<kw name="Sleep" owner="BuiltIn">
<msg time="2025-08-27T17:28:58.039311" level="INFO">Slept 2 seconds.</msg>
<arg>2</arg>
<doc>Pauses the test executed for the given time.</doc>
<status status="PASS" start="2025-08-27T17:28:56.038699" elapsed="2.000712"/>
</kw>
<kw name="Check Web Server Error" owner="Misc">
<kw name="Run Keyword And Return Status" owner="BuiltIn">
<kw name="Page Should Contain" owner="SeleniumLibrary">
<msg time="2025-08-27T17:28:58.040564" level="FAIL">Variable '${web_server_error_txt}' not found.</msg>
<arg>${web_server_error_txt}</arg>
<doc>Verifies that current page contains ``text``.</doc>
<status status="FAIL" start="2025-08-27T17:28:58.040030" elapsed="0.000570">Variable '${web_server_error_txt}' not found.</status>
</kw>
<msg time="2025-08-27T17:28:58.040699" level="INFO">${web_server_error_txt} = False</msg>
<var>${web_server_error_txt}</var>
<arg>page should contain</arg>
<arg>${web_server_error_txt}</arg>
<doc>Runs the given keyword with given arguments and returns the status as a Boolean value.</doc>
<status status="PASS" start="2025-08-27T17:28:58.039904" elapsed="0.000818"/>
</kw>
<if>
<branch type="IF" condition="${web_server_error_txt}">
<kw name="Log" owner="BuiltIn">
<arg>reloading page</arg>
[...]
</iter>
<iter>
<kw name="Unselect Frame" owner="SeleniumLibrary">
<doc>Sets the main frame as the current frame.</doc>
<status status="PASS" start="2025-08-27T17:30:22.235481" elapsed="0.003736"/>
</kw>
<kw name="Log" owner="BuiltIn">
<msg time="2025-08-27T17:30:22.239941" level="INFO">iframe level1 detected: &lt;selenium.webdriver.remote.webelement.WebElement (session="f3a579a705d0a31b766d461c16ad5407", element="f.B30D672433F4D5038880859601F38192.d.3AD93E70EEF3EC23774AF8F4BAAA3A60.e.453")&gt;</msg>
<arg>iframe level1 detected: ${iframe1}</arg>
<doc>Logs the given message with the given level.</doc>
<status status="PASS" start="2025-08-27T17:30:22.239596" elapsed="0.000481"/>
</kw>
<kw name="Run Keyword And Return Status" owner="BuiltIn">
<kw name="Select Frame" owner="SeleniumLibrary">
<msg time="2025-08-27T17:30:22.241694" level="INFO">Selecting frame '&lt;selenium.webdriver.remote.webelement.WebElement (session="f3a579a705d0a31b766d461c16ad5407", element="f.B30D672433F4D5038880859601F38192.d.3AD93E70EEF3EC23774AF8F4BAAA3A60.e.453")&gt;'.</msg>
<arg>${iframe1}</arg>
<doc>Sets frame identified by ``locator`` as the current frame.</doc>
<status status="PASS" start="2025-08-27T17:30:22.240768" elapsed="0.026521"/>
</kw>
<msg time="2025-08-27T17:30:22.267503" level="INFO">${selecting_frame1} = True</msg>
<var>${selecting_frame1}</var>
<arg>select frame</arg>
<arg>${iframe1}</arg>
<doc>Runs the given keyword with given arguments and returns the status as a Boolean value.</doc>
<status status="PASS" start="2025-08-27T17:30:22.240343" elapsed="0.027214"/>
</kw>
<kw name="Get WebElements" owner="SeleniumLibrary">
<msg time="2025-08-27T17:30:22.278127" level="INFO">${iframes2} = []</msg>
<var>${iframes2}</var>
<arg>${misc_details}[ad_iframe]</arg>
<doc>Returns a list of WebElement objects matching the ``locator``.</doc>
<status status="PASS" start="2025-08-27T17:30:22.267807" elapsed="0.010376"/>
</kw>
<for flavor="IN">
<iter>
<kw name="Log" owner="BuiltIn">
<arg>iframe level2 detected: ${iframe2}</arg>
<doc>Logs the given message with the given level.</doc>
<status status="NOT RUN" start="2025-08-27T17:30:22.278792" elapsed="0.000044"/>
</kw>
<kw name="Run Keyword And Return Status" owner="BuiltIn">
<var>${selecting_frame2}</var>
<arg>select frame</arg>
<arg>${iframe2}</arg>
<doc>Runs the given keyword with given arguments and returns the status as a Boolean value.</doc>
<status status="NOT RUN" start="2025-08-27T17:30:22.278975" elapsed="0.000027"/>
</kw>
<kw name="Get WebElements" owner="SeleniumLibrary">
<var>${iframes3}</var>
<arg>${misc_details}[ad_iframe]</arg>
<doc>Returns a list of WebElement objects matching the ``locator``.</doc>
<status status="NOT RUN" start="2025-08-27T17:30:22.279128" elapsed="0.000025"/>
</kw>
<for flavor="IN">
<iter>
<kw name="Log" owner="BuiltIn">
<arg>iframe level3 detected: ${iframe3}</arg>
<doc>Logs the given message with the given level.</doc>
<status status="NOT RUN" start="2025-08-27T17:30:22.279444" elapsed="0.000038"/>
</kw>
<kw name="Run Keyword And Return Status" owner="BuiltIn">
<var>${selecting_frame3}</var>
<arg>select frame</arg>
<arg>${iframe3}</arg>
<doc>Runs the given keyword with given arguments and returns the status as a Boolean value.</doc>
<status status="NOT RUN" start="2025-08-27T17:30:22.279682" elapsed="0.000050"/>
</kw>
<kw name="Search for the Dismiss Button within the iFrame" owner="Misc">
<var>${button_found}</var>
<arg>level3</arg>
<doc>Helper Keyword for searching the dismiss button</doc>
<status status="NOT RUN" start="2025-08-27T17:30:22.280028" elapsed="0.000060"/>
</kw>
<kw name="Run Keyword And Return Status" owner="BuiltIn">
<var>${selecting_frame1}</var>
<arg>select frame</arg>
<arg>${iframe1}</arg>
<doc>Runs the given keyword with given arguments and returns the status as a Boolean value.</doc>
<status status="NOT RUN" start="2025-08-27T17:30:22.280240" elapsed="0.000033"/>
</kw>
<kw name="Run Keyword And Return Status" owner="BuiltIn">
<var>${selecting_frame2}</var>
<arg>select frame</arg>
<arg>${iframe2}</arg>
<doc>Runs the given keyword with given arguments and returns the status as a Boolean value.</doc>
<status status="NOT RUN" start="2025-08-27T17:30:22.280461" elapsed="0.000053"/>
</kw>
<var name="${iframe3}"/>
<status status="NOT RUN" start="2025-08-27T17:30:22.279299" elapsed="0.001306"/>
</iter>
<var>${iframe3}</var>
<value>@{iframes3}</value>
<status status="NOT RUN" start="2025-08-27T17:30:22.279207" elapsed="0.001523"/>
</for>
<kw name="Search for the Dismiss Button within the iFrame" owner="Misc">
<var>${button_found}</var>
<arg>level2</arg>
<doc>Helper Keyword for searching the dismiss button</doc>
<status status="NOT RUN" start="2025-08-27T17:30:22.281118" elapsed="0.000051"/>
</kw>
<kw name="Run Keyword And Return Status" owner="BuiltIn">
<var>${selecting_frame1}</var>
<arg>select frame</arg>
<arg>${iframe1}</arg>
<doc>Runs the given keyword with given arguments and returns the status as a Boolean value.</doc>
<status status="NOT RUN" start="2025-08-27T17:30:22.281371" elapsed="0.000055"/>
</kw>
<var name="${iframe2}"/>
<status status="NOT RUN" start="2025-08-27T17:30:22.278594" elapsed="0.002927"/>
</iter>
<var>${iframe2}</var>
<value>@{iframes2}</value>
<status status="NOT RUN" start="2025-08-27T17:30:22.278278" elapsed="0.003332"/>
</for>
<kw name="Run Keyword And Return Status" owner="BuiltIn">
<kw name="Search for the Dismiss Button within the iFrame" owner="Misc">
<kw name="Run Keyword And Return Status" owner="BuiltIn">
<kw name="Page Should Contain Button" owner="SeleniumLibrary">
<msg time="2025-08-27T17:30:22.634862" level="INFO" html="true">&lt;/td&gt;&lt;/tr&gt;&lt;tr&gt;&lt;td colspan="3"&gt;&lt;a href="selenium-screenshot-52.png"&gt;&lt;img src="selenium-screenshot-52.png" width="800px"&gt;&lt;/a&gt;</msg>
<msg time="2025-08-27T17:30:22.635218" level="FAIL">Page should have contained button 'xpath=//*[@id="dismiss-button"]' but did not.</msg>
<arg>${misc_details}[dismiss_button]</arg>
<doc>Verifies button ``locator`` is found from current page.</doc>
<status status="FAIL" start="2025-08-27T17:30:22.282925" elapsed="0.354858">Page should have contained button 'xpath=//*[@id="dismiss-button"]' but did not.</status>
</kw>
<msg time="2025-08-27T17:30:22.638055" level="INFO">${button_found} = False</msg>
<var>${button_found}</var>
<arg>page should contain button</arg>
<arg>${misc_details}[dismiss_button]</arg>
<doc>Runs the given keyword with given arguments and returns the status as a Boolean value.</doc>
<status status="PASS" start="2025-08-27T17:30:22.282669" elapsed="0.355455"/>
</kw>
<if>
<branch type="IF" condition="${button_found}">
<kw name="Run Keyword And Return Status" owner="BuiltIn">
<var>${element_clicked}</var>
<arg>Dismiss ads via Click element</arg>
<arg>${frame_level}</arg>
<doc>Runs the given keyword with given arguments and returns the status as a Boolean value.</doc>
<status status="NOT RUN" start="2025-08-27T17:30:22.638746" elapsed="0.000051"/>
</kw>
<status status="NOT RUN" start="2025-08-27T17:30:22.638352" elapsed="0.000536"/>
</branch>
<status status="PASS" start="2025-08-27T17:30:22.638258" elapsed="0.000690"/>
</if>
<kw name="Unselect Frame" owner="SeleniumLibrary">
<doc>Sets the main frame as the current frame.</doc>
<status status="PASS" start="2025-08-27T17:30:22.639099" elapsed="0.003030"/>
</kw>
<return>
<value>${button_found}</value>
<status status="PASS" start="2025-08-27T17:30:22.642317" elapsed="0.000103"/>
</return>
<arg>level1</arg>
<doc>Helper Keyword for searching the dismiss button</doc>
<status status="PASS" start="2025-08-27T17:30:22.282185" elapsed="0.360510"/>
</kw>
<msg time="2025-08-27T17:30:22.642897" level="INFO">${button_found} = True</msg>
<var>${button_found}</var>
<arg>Search for the Dismiss Button within the iFrame</arg>
<arg>level1</arg>
<doc>Runs the given keyword with given arguments and returns the status as a Boolean value.</doc>
<status status="PASS" start="2025-08-27T17:30:22.281826" elapsed="0.361131"/>
</kw>
<var name="${iframe1}">&lt;selenium.webdriver.remote.webelement.WebElement (session="f3a579a705d0a31b766d461c16ad5407", element="f.B30D672433F4D5038880859601F38192.d.3AD93E70EEF3EC23774AF8F4BAAA3A60.e.453")&gt;</var>
<status status="PASS" start="2025-08-27T17:30:22.235254" elapsed="0.407796"/>
</iter>
<var>${iframe1}</var>
<value>@{iframes1}</value>
<status status="PASS" start="2025-08-27T17:30:20.939096" elapsed="1.704043"/>
</for>
<doc>Dismiss iFrame Ads</doc>
<status status="PASS" start="2025-08-27T17:30:20.914956" elapsed="1.728290"/>
</kw>
<status status="PASS" start="2025-08-27T17:30:15.319413" elapsed="7.323918"/>
</kw>
<kw name="Input Text" owner="SeleniumLibrary">
<msg time="2025-08-27T17:30:22.643994" level="INFO">Typing text 'Tshirt' into text field 'css=input[id='search_product']'.</msg>
<arg>${all_products_page_details}[search_bar_elm]</arg>
<arg>${user_details}[searched_product_name]</arg>
<doc>Types the given ``text`` into the text field identified by ``locator``.</doc>
<status status="PASS" start="2025-08-27T17:30:22.643602" elapsed="0.149247"/>
</kw>
<kw name="Click Button" owner="SeleniumLibrary">
<msg time="2025-08-27T17:30:22.793504" level="INFO">Clicking button 'id=submit_search'.</msg>
<arg>${all_products_page_details}[search_btn]</arg>
<doc>Clicks the button identified by ``locator``.</doc>
<status status="PASS" start="2025-08-27T17:30:22.793208" elapsed="6.748161"/>
</kw>
<kw name="Page Should Contain" owner="SeleniumLibrary">
<msg time="2025-08-27T17:30:29.574916" level="INFO">Current page contains text 'Searched Products'.</msg>
<arg>${all_products_page_details}[searched_products_txt]</arg>
<doc>Verifies that current page contains ``text``.</doc>
<status status="PASS" start="2025-08-27T17:30:29.541792" elapsed="0.033312"/>
</kw>
<kw name="Page Should Contain Element" owner="SeleniumLibrary">
<msg time="2025-08-27T17:30:29.587190" level="INFO">Current page contains element 'class=features_items'.</msg>
<arg>${all_products_page_details}[featured_items_elm]</arg>
<doc>Verifies that element ``locator`` is found on the current page.</doc>
<status status="PASS" start="2025-08-27T17:30:29.575377" elapsed="0.011946"/>
</kw>
<doc>Search for a given Prodct</doc>
<status status="PASS" start="2025-08-27T17:30:15.318445" elapsed="14.269014"/>
</kw>
<kw name="Verify the displayed items in Search Results" owner="AllProductsPage">
<kw name="Get Element Count" owner="SeleniumLibrary">
<msg time="2025-08-27T17:30:29.613202" level="INFO">${counted_items} = 6</msg>
<var>${counted_items}</var>
<arg>${all_products_page_details}[product_elm]</arg>
<doc>Returns the number of elements matching ``locator``.</doc>
<status status="PASS" start="2025-08-27T17:30:29.588487" elapsed="0.024790"/>
</kw>
<kw name="Get WebElements" owner="SeleniumLibrary">
<msg time="2025-08-27T17:30:29.633524" level="INFO">@{detected_items} = [ &lt;selenium.webdriver.remote.webelement.WebElement (session="f3a579a705d0a31b766d461c16ad5407", element="f.B30D672433F4D5038880859601F38192.d.F044DD62D76A7000EEFEF06EC06A21B5.e.473")&gt; | &lt;selenium.webd...</msg>
<var>@{detected_items}</var>
<arg>${all_products_page_details}[product_name_elm]</arg>
<doc>Returns a list of WebElement objects matching the ``locator``.</doc>
<status status="PASS" start="2025-08-27T17:30:29.613497" elapsed="0.020093"/>
</kw>
<kw name="Get Length" owner="BuiltIn">
<msg time="2025-08-27T17:30:29.634099" level="INFO">Length is 6.</msg>
<msg time="2025-08-27T17:30:29.634252" level="INFO">${detected_items_nr} = 6</msg>
<var>${detected_items_nr}</var>
<arg>${detected_items}</arg>
<doc>Returns and logs the length of the given item as an integer.</doc>
<status status="PASS" start="2025-08-27T17:30:29.633824" elapsed="0.000479"/>
</kw>
<kw name="Should Be Equal As Numbers" owner="BuiltIn">
<arg>${counted_items}</arg>
<arg>${detected_items_nr}</arg>
<doc>Fails if objects are unequal after converting them to real numbers.</doc>
<status status="PASS" start="2025-08-27T17:30:29.634549" elapsed="0.000284"/>
</kw>
<for flavor="IN">
<iter>
<kw name="Get Text" owner="SeleniumLibrary">
<msg time="2025-08-27T17:30:29.667240" level="INFO">${element_txt} = Men Tshirt</msg>
<var>${element_txt}</var>
<arg>${element}</arg>
<doc>Returns the text value of the element identified by ``locator``.</doc>
<status status="PASS" start="2025-08-27T17:30:29.635324" elapsed="0.031977"/>
</kw>
<kw name="Should Contain Any" owner="BuiltIn">
<arg>${element_txt}</arg>
<arg>@{all_products_page_details}[product_name_tags]</arg>
<arg>ignore_case=True</arg>
<doc>Fails if ``container`` does not contain any of the ``*items``.</doc>
<status status="PASS" start="2025-08-27T17:30:29.667525" elapsed="0.000323"/>
</kw>
<var name="${element}">&lt;selenium.webdriver.remote.webelement.WebElement (session="f3a579a705d0a31b766d461c16ad5407", element="f.B30D672433F4D5038880859601F38192.d.F044DD62D76A7000EEFEF06EC06A21B5.e.473")&gt;</var>
<status status="PASS" start="2025-08-27T17:30:29.635147" elapsed="0.032769"/>
</iter>
<iter>
<kw name="Get Text" owner="SeleniumLibrary">
<msg time="2025-08-27T17:30:29.744962" level="INFO">${element_txt} = Pure Cotton V-Neck T-Shirt</msg>
<var>${element_txt}</var>
<arg>${element}</arg>
<doc>Returns the text value of the element identified by ``locator``.</doc>
<status status="PASS" start="2025-08-27T17:30:29.668205" elapsed="0.076853"/>
</kw>
<kw name="Should Contain Any" owner="BuiltIn">
<arg>${element_txt}</arg>
<arg>@{all_products_page_details}[product_name_tags]</arg>
<arg>ignore_case=True</arg>
<doc>Fails if ``container`` does not contain any of the ``*items``.</doc>
<status status="PASS" start="2025-08-27T17:30:29.745460" elapsed="0.000600"/>
</kw>
<var name="${element}">&lt;selenium.webdriver.remote.webelement.WebElement (session="f3a579a705d0a31b766d461c16ad5407", element="f.B30D672433F4D5038880859601F38192.d.F044DD62D76A7000EEFEF06EC06A21B5.e.484")&gt;</var>
<status status="PASS" start="2025-08-27T17:30:29.668065" elapsed="0.078200"/>
</iter>
<iter>
<kw name="Get Text" owner="SeleniumLibrary">
<msg time="2025-08-27T17:30:29.764842" level="INFO">${element_txt} = Green Side Placket Detail T-Shirt</msg>
<var>${element_txt}</var>
<arg>${element}</arg>
<doc>Returns the text value of the element identified by ``locator``.</doc>
<status status="PASS" start="2025-08-27T17:30:29.746776" elapsed="0.018183"/>
</kw>
<kw name="Should Contain Any" owner="BuiltIn">
<arg>${element_txt}</arg>
<arg>@{all_products_page_details}[product_name_tags]</arg>
<arg>ignore_case=True</arg>
<doc>Fails if ``container`` does not contain any of the ``*items``.</doc>
<status status="PASS" start="2025-08-27T17:30:29.765330" elapsed="0.000557"/>
</kw>
<var name="${element}">&lt;selenium.webdriver.remote.webelement.WebElement (session="f3a579a705d0a31b766d461c16ad5407", element="f.B30D672433F4D5038880859601F38192.d.F044DD62D76A7000EEFEF06EC06A21B5.e.492")&gt;</var>
<status status="PASS" start="2025-08-27T17:30:29.746566" elapsed="0.019446"/>
</iter>
<iter>
<kw name="Get Text" owner="SeleniumLibrary">
<msg time="2025-08-27T17:30:29.785853" level="INFO">${element_txt} = Premium Polo T-Shirts</msg>
<var>${element_txt}</var>
<arg>${element}</arg>
<doc>Returns the text value of the element identified by ``locator``.</doc>
<status status="PASS" start="2025-08-27T17:30:29.766513" elapsed="0.019442"/>
</kw>
<kw name="Should Contain Any" owner="BuiltIn">
<arg>${element_txt}</arg>
<arg>@{all_products_page_details}[product_name_tags]</arg>
<arg>ignore_case=True</arg>
<doc>Fails if ``container`` does not contain any of the ``*items``.</doc>
<status status="PASS" start="2025-08-27T17:30:29.786535" elapsed="0.000623"/>
</kw>
<var name="${element}">&lt;selenium.webdriver.remote.webelement.WebElement (session="f3a579a705d0a31b766d461c16ad5407", element="f.B30D672433F4D5038880859601F38192.d.F044DD62D76A7000EEFEF06EC06A21B5.e.490")&gt;</var>
<status status="PASS" start="2025-08-27T17:30:29.766265" elapsed="0.021041"/>
</iter>
<iter>
<kw name="Get Text" owner="SeleniumLibrary">
<msg time="2025-08-27T17:30:29.808447" level="INFO">${element_txt} = Pure Cotton Neon Green Tshirt</msg>
<var>${element_txt}</var>
<arg>${element}</arg>
<doc>Returns the text value of the element identified by ``locator``.</doc>
<status status="PASS" start="2025-08-27T17:30:29.787947" elapsed="0.020600"/>
</kw>
<kw name="Should Contain Any" owner="BuiltIn">
<arg>${element_txt}</arg>
<arg>@{all_products_page_details}[product_name_tags]</arg>
<arg>ignore_case=True</arg>
<doc>Fails if ``container`` does not contain any of the ``*items``.</doc>
<status status="PASS" start="2025-08-27T17:30:29.808932" elapsed="0.000602"/>
</kw>
<var name="${element}">&lt;selenium.webdriver.remote.webelement.WebElement (session="f3a579a705d0a31b766d461c16ad5407", element="f.B30D672433F4D5038880859601F38192.d.F044DD62D76A7000EEFEF06EC06A21B5.e.516")&gt;</var>
<status status="PASS" start="2025-08-27T17:30:29.787581" elapsed="0.022097"/>
</iter>
<iter>
<kw name="Get Text" owner="SeleniumLibrary">
<msg time="2025-08-27T17:30:29.834777" level="INFO">${element_txt} = GRAPHIC DESIGN MEN T SHIRT - BLUE</msg>
<var>${element_txt}</var>
<arg>${element}</arg>
<doc>Returns the text value of the element identified by ``locator``.</doc>
<status status="PASS" start="2025-08-27T17:30:29.810752" elapsed="0.024121"/>
</kw>
<kw name="Should Contain Any" owner="BuiltIn">
<arg>${element_txt}</arg>
<arg>@{all_products_page_details}[product_name_tags]</arg>
<arg>ignore_case=True</arg>
<doc>Fails if ``container`` does not contain any of the ``*items``.</doc>
<status status="PASS" start="2025-08-27T17:30:29.835263" elapsed="0.000614"/>
</kw>
<var name="${element}">&lt;selenium.webdriver.remote.webelement.WebElement (session="f3a579a705d0a31b766d461c16ad5407", element="f.B30D672433F4D5038880859601F38192.d.F044DD62D76A7000EEFEF06EC06A21B5.e.517")&gt;</var>
<status status="PASS" start="2025-08-27T17:30:29.809961" elapsed="0.026056"/>
</iter>
<var>${element}</var>
<value>@{detected_items}</value>
<status status="PASS" start="2025-08-27T17:30:29.634938" elapsed="0.201221"/>
</for>
<doc>Verify the number and validity of the items in the search results</doc>
<status status="PASS" start="2025-08-27T17:30:29.587882" elapsed="0.248833"/>
</kw>
<status status="PASS" start="2025-08-27T17:30:07.923695" elapsed="21.913170"/>
</kw>
<kw name="Close All Browsers" owner="SeleniumLibrary" type="TEARDOWN">
<doc>Closes all open browsers and resets the browser cache.</doc>
<status status="PASS" start="2025-08-27T17:30:29.839357" elapsed="2.443182"/>
</kw>
<doc>Verifying that the Search feature is operational</doc>
<tag>FR02</tag>
<tag>Smoke</tag>
<tag>TC02</tag>
<tag>User</tag>
<status status="PASS" start="2025-08-27T17:29:55.085577" elapsed="37.197366"/>
</test>
<kw name="Close All Browsers" owner="SeleniumLibrary" type="TEARDOWN">
<doc>Closes all open browsers and resets the browser cache.</doc>
<status status="PASS" start="2025-08-27T17:30:32.284509" elapsed="0.000386"/>
</kw>
<doc>This is a demo project based on https://automationexercise.com/test_cases</doc>
<status status="PASS" start="2025-08-27T17:28:29.596744" elapsed="122.688292"/>
</suite>
<status status="PASS" start="2025-08-27T17:28:29.566392" elapsed="122.721420"/>
</suite>
<statistics>
<total>
<stat pass="3" fail="0" skip="0">All Tests</stat>
</total>
<tag>
<stat pass="1" fail="0" skip="0">FR01a</stat>
<stat pass="1" fail="0" skip="0">FR01b</stat>
<stat pass="1" fail="0" skip="0">FR02</stat>
<stat pass="3" fail="0" skip="0">Smoke</stat>
<stat pass="1" fail="0" skip="0">TC01a</stat>
<stat pass="1" fail="0" skip="0">TC01b</stat>
<stat pass="1" fail="0" skip="0">TC02</stat>
<stat pass="3" fail="0" skip="0">User</stat>
</tag>
<suite>
<stat name="Tests" id="s1" pass="3" fail="0" skip="0">Tests</stat>
<stat name="OnlineShopping" id="s1-s1" pass="3" fail="0" skip="0">Tests.OnlineShopping</stat>
</suite>
</statistics>
<errors>
</errors>
</robot>
